INFO:symExec:Running, please wait...
INFO:symExec:	============ Results ===========
INFO:symExec:	  EVM code coverage: 	 83.7%
INFO:symExec:	  Arithmetic bugs: 	 True
INFO:symExec:	  └> Overflow bugs: 	 True
Opcode: ADD
Input: [Ia_store_some_var_7, Ia_store_some_var_6]
Output: [Ia_store_some_var_7 + Ia_store_some_var_6]
Opcode: ADD
Input: [Ia_store_some_var_6 +
115792089237316195423570985008687907853269984665640564039457584007913129639935*
Id_6, Id_6 + Ia_store_some_var_7]
Output: [Ia_store_some_var_6 + Ia_store_some_var_7]
INFO:symExec:	  └> Underflow bugs: 	 True
Opcode: SUB
Input: [Ia_store_3, Id_7]
Output: [Ia_store_3 +
115792089237316195423570985008687907853269984665640564039457584007913129639935*
Id_7]
Opcode: SUB
Input: [Ia_store_3, Id_10]
Output: [Ia_store_3 +
115792089237316195423570985008687907853269984665640564039457584007913129639935*
Id_10]
INFO:symExec:	  └> Division bugs: 	 False
INFO:symExec:	  └> Modulo bugs:   	 False
INFO:symExec:	  └> Truncation bugs: 	 True
Opcode: AND
Input: [Ia_store_0, 1]
Output: [Concat(0, Extract(0, 0, Ia_store_0))]
INFO:symExec:	  └> Signedness bugs: 	 False
INFO:symExec:	  Callstack bug: 	 False
INFO:symExec:	  Concurrency bug: 	 False
INFO:symExec:	  Timedependency bug: 	 False
INFO:symExec:	  Reentrancy bug: 	 False
INFO:symExec:	 --- 50.1142060757 seconds ---
INFO:symExec:	====== Analysis Completed ======

  .oooooo.             o8o            o8o          
 d8P'  `Y8b            `"'            `"'          
888      888  .oooo.o oooo  oooo d8b oooo   .oooo.o
888      888 d88(  "8 `888  `888""8P `888  d88(  "8
888      888 `"Y88b.   888   888      888  `"Y88b. 
`88b    d88' o.  )88b  888   888      888  o.  )88b
 `Y8bood8P'  8""888P' o888o d888b    o888o 8""888P'

!!! SYMBOLIC EXECUTION TIMEOUT !!!