+++ dirname /vandal/bin/analyze.sh
++ cd /vandal/bin
++ pwd
+ DIR=/vandal/bin
+ rm -rf facts-tmp
+ /vandal/bin/decompile -o CALL JUMPI SSTORE SLOAD MLOAD MSTORE -d -n -t facts-tmp /data/0x7A9c6ff4e39aB26d1Ad728160989C3a58616A2cf.hex
+ souffle -F facts-tmp /vandal/datalog/demo_analyses.dl
Warning: Deprecated type declaration used in file types.dl at line 30
.type Statement
^---------------
Warning: Deprecated type declaration used in file types.dl at line 31
.type Variable
^--------------
Warning: Deprecated type declaration used in file types.dl at line 32
.type Opcode
^------------
Warning: Deprecated type declaration used in file types.dl at line 33
.type Value
^-----------
+ rm -rf facts-tmp