maximum recursion depth exceeded while calling a Python object
Traceback (most recent call last):
  File "/conkas/rattle/ssa.py", line 198, in resolve
    new_slot = edge_stack[self.sp]
IndexError: list index out of range

During handling of the above exception, another exception occurred:

Traceback (most recent call last):
  File "conkas.py", line 105, in main
    ssa = Recover(bytecode, edges=[], optimize=True)
  File "/conkas/rattle/recover.py", line 768, in __init__
    self.internal = InternalRecover(filedata, edges, optimize, split_functions)
  File "/conkas/rattle/recover.py", line 32, in __init__
    self.recover(dispatch)
  File "/conkas/rattle/recover.py", line 107, in recover
    self.recover_loop(function)
  File "/conkas/rattle/recover.py", line 159, in recover_loop
    self.resolve_phis(function)
  File "/conkas/rattle/recover.py", line 259, in resolve_phis
    insn.resolve_arguments()
  File "/conkas/rattle/ssa.py", line 332, in resolve_arguments
    a, update = arg.resolve()
  File "/conkas/rattle/ssa.py", line 199, in resolve
    new_slot, _ = new_slot.resolve()  # Resolve it as far as you can
  File "/conkas/rattle/ssa.py", line 199, in resolve
    new_slot, _ = new_slot.resolve()  # Resolve it as far as you can
  File "/conkas/rattle/ssa.py", line 199, in resolve
    new_slot, _ = new_slot.resolve()  # Resolve it as far as you can
  [Previous line repeated 1 more time]
  File "/conkas/rattle/ssa.py", line 172, in resolve
    rv = new_slot.resolve()
  File "/conkas/rattle/ssa.py", line 199, in resolve
    new_slot, _ = new_slot.resolve()  # Resolve it as far as you can
  File "/conkas/rattle/ssa.py", line 199, in resolve
    new_slot, _ = new_slot.resolve()  # Resolve it as far as you can
  File "/conkas/rattle/ssa.py", line 199, in resolve
    new_slot, _ = new_slot.resolve()  # Resolve it as far as you can
  [Previous line repeated 2 more times]
  File "/conkas/rattle/ssa.py", line 172, in resolve
    rv = new_slot.resolve()
  File "/conkas/rattle/ssa.py", line 199, in resolve
    new_slot, _ = new_slot.resolve()  # Resolve it as far as you can
  File "/conkas/rattle/ssa.py", line 199, in resolve
    new_slot, _ = new_slot.resolve()  # Resolve it as far as you can
  File "/conkas/rattle/ssa.py", line 199, in resolve
    new_slot, _ = new_slot.resolve()  # Resolve it as far as you can
  [Previous line repeated 1 more time]
  File "/conkas/rattle/ssa.py", line 172, in resolve
    rv = new_slot.resolve()
  File "/conkas/rattle/ssa.py", line 199, in resolve
    new_slot, _ = new_slot.resolve()  # Resolve it as far as you can
  File "/conkas/rattle/ssa.py", line 172, in resolve
    rv = new_slot.resolve()
  File "/conkas/rattle/ssa.py", line 172, in resolve
    rv = new_slot.resolve()
  File "/conkas/rattle/ssa.py", line 172, in resolve
    rv = new_slot.resolve()
  [Previous line repeated 1 more time]
  File "/conkas/rattle/ssa.py", line 199, in resolve
    new_slot, _ = new_slot.resolve()  # Resolve it as far as you can
  File "/conkas/rattle/ssa.py", line 199, in resolve
    new_slot, _ = new_slot.resolve()  # Resolve it as far as you can
  File "/conkas/rattle/ssa.py", line 199, in resolve
    new_slot, _ = new_slot.resolve()  # Resolve it as far as you can
  [Previous line repeated 1 more time]
  File "/conkas/rattle/ssa.py", line 172, in resolve
    rv = new_slot.resolve()
  File "/conkas/rattle/ssa.py", line 199, in resolve
    new_slot, _ = new_slot.resolve()  # Resolve it as far as you can
  File "/conkas/rattle/ssa.py", line 199, in resolve
    new_slot, _ = new_slot.resolve()  # Resolve it as far as you can
  File "/conkas/rattle/ssa.py", line 199, in resolve
    new_slot, _ = new_slot.resolve()  # Resolve it as far as you can
  [Previous line repeated 2 more times]
  File "/conkas/rattle/ssa.py", line 172, in resolve
    rv = new_slot.resolve()
  File "/conkas/rattle/ssa.py", line 199, in resolve
    new_slot, _ = new_slot.resolve()  # Resolve it as far as you can
  File "/conkas/rattle/ssa.py", line 199, in resolve
    new_slot, _ = new_slot.resolve()  # Resolve it as far as you can
  File "/conkas/rattle/ssa.py", line 199, in resolve
    new_slot, _ = new_slot.resolve()  # Resolve it as far as you can
  [Previous line repeated 1 more time]
  File "/conkas/rattle/ssa.py", line 172, in resolve
    rv = new_slot.resolve()
  File "/conkas/rattle/ssa.py", line 199, in resolve
    new_slot, _ = new_slot.resolve()  # Resolve it as far as you can
  File "/conkas/rattle/ssa.py", line 199, in resolve
    new_slot, _ = new_slot.resolve()  # Resolve it as far as you can
  File "/conkas/rattle/ssa.py", line 199, in resolve
    new_slot, _ = new_slot.resolve()  # Resolve it as far as you can
  [Previous line repeated 2 more times]
  File "/conkas/rattle/ssa.py", line 172, in resolve
    rv = new_slot.resolve()
  File "/conkas/rattle/ssa.py", line 199, in resolve
    new_slot, _ = new_slot.resolve()  # Resolve it as far as you can
  File "/conkas/rattle/ssa.py", line 199, in resolve
    new_slot, _ = new_slot.resolve()  # Resolve it as far as you can
  File "/conkas/rattle/ssa.py", line 199, in resolve
    new_slot, _ = new_slot.resolve()  # Resolve it as far as you can
  [Previous line repeated 1 more time]
  File "/conkas/rattle/ssa.py", line 172, in resolve
    rv = new_slot.resolve()
  File "/conkas/rattle/ssa.py", line 199, in resolve
    new_slot, _ = new_slot.resolve()  # Resolve it as far as you can
  File "/conkas/rattle/ssa.py", line 172, in resolve
    rv = new_slot.resolve()
  File "/conkas/rattle/ssa.py", line 172, in resolve
    rv = new_slot.resolve()
  File "/conkas/rattle/ssa.py", line 172, in resolve
    rv = new_slot.resolve()
  [Previous line repeated 1 more time]
  File "/conkas/rattle/ssa.py", line 199, in resolve
    new_slot, _ = new_slot.resolve()  # Resolve it as far as you can
  File "/conkas/rattle/ssa.py", line 199, in resolve
    new_slot, _ = new_slot.resolve()  # Resolve it as far as you can
  File "/conkas/rattle/ssa.py", line 199, in resolve
    new_slot, _ = new_slot.resolve()  # Resolve it as far as you can
  [Previous line repeated 1 more time]
  File "/conkas/rattle/ssa.py", line 172, in resolve
    rv = new_slot.resolve()
  File "/conkas/rattle/ssa.py", line 199, in resolve
    new_slot, _ = new_slot.resolve()  # Resolve it as far as you can
  File "/conkas/rattle/ssa.py", line 172, in resolve
    rv = new_slot.resolve()
  File "/conkas/rattle/ssa.py", line 172, in resolve
    rv = new_slot.resolve()
  File "/conkas/rattle/ssa.py", line 172, in resolve
    rv = new_slot.resolve()
  [Previous line repeated 1 more time]
  File "/conkas/rattle/ssa.py", line 199, in resolve
    new_slot, _ = new_slot.resolve()  # Resolve it as far as you can
  File "/conkas/rattle/ssa.py", line 199, in resolve
    new_slot, _ = new_slot.resolve()  # Resolve it as far as you can
  File "/conkas/rattle/ssa.py", line 199, in resolve
    new_slot, _ = new_slot.resolve()  # Resolve it as far as you can
  [Previous line repeated 1 more time]
  File "/conkas/rattle/ssa.py", line 172, in resolve
    rv = new_slot.resolve()
  File "/conkas/rattle/ssa.py", line 199, in resolve
    new_slot, _ = new_slot.resolve()  # Resolve it as far as you can
  File "/conkas/rattle/ssa.py", line 172, in resolve
    rv = new_slot.resolve()
  File "/conkas/rattle/ssa.py", line 172, in resolve
    rv = new_slot.resolve()
  File "/conkas/rattle/ssa.py", line 172, in resolve
    rv = new_slot.resolve()
  [Previous line repeated 1 more time]
  File "/conkas/rattle/ssa.py", line 199, in resolve
    new_slot, _ = new_slot.resolve()  # Resolve it as far as you can
  File "/conkas/rattle/ssa.py", line 199, in resolve
    new_slot, _ = new_slot.resolve()  # Resolve it as far as you can
  File "/conkas/rattle/ssa.py", line 172, in resolve
    rv = new_slot.resolve()
  File "/conkas/rattle/ssa.py", line 172, in resolve
    rv = new_slot.resolve()
  File "/conkas/rattle/ssa.py", line 172, in resolve
    rv = new_slot.resolve()
  File "/conkas/rattle/ssa.py", line 199, in resolve
    new_slot, _ = new_slot.resolve()  # Resolve it as far as you can
  File "/conkas/rattle/ssa.py", line 199, in resolve
    new_slot, _ = new_slot.resolve()  # Resolve it as far as you can
  File "/conkas/rattle/ssa.py", line 199, in resolve
    new_slot, _ = new_slot.resolve()  # Resolve it as far as you can
  [Previous line repeated 1 more time]
  File "/conkas/rattle/ssa.py", line 172, in resolve
    rv = new_slot.resolve()
  File "/conkas/rattle/ssa.py", line 199, in resolve
    new_slot, _ = new_slot.resolve()  # Resolve it as far as you can
  File "/conkas/rattle/ssa.py", line 172, in resolve
    rv = new_slot.resolve()
  File "/conkas/rattle/ssa.py", line 172, in resolve
    rv = new_slot.resolve()
  File "/conkas/rattle/ssa.py", line 172, in resolve
    rv = new_slot.resolve()
  [Previous line repeated 1 more time]
  File "/conkas/rattle/ssa.py", line 199, in resolve
    new_slot, _ = new_slot.resolve()  # Resolve it as far as you can
  File "/conkas/rattle/ssa.py", line 199, in resolve
    new_slot, _ = new_slot.resolve()  # Resolve it as far as you can
  File "/conkas/rattle/ssa.py", line 199, in resolve
    new_slot, _ = new_slot.resolve()  # Resolve it as far as you can
  [Previous line repeated 1 more time]
  File "/conkas/rattle/ssa.py", line 172, in resolve
    rv = new_slot.resolve()
  File "/conkas/rattle/ssa.py", line 199, in resolve
    new_slot, _ = new_slot.resolve()  # Resolve it as far as you can
  File "/conkas/rattle/ssa.py", line 172, in resolve
    rv = new_slot.resolve()
  File "/conkas/rattle/ssa.py", line 172, in resolve
    rv = new_slot.resolve()
  File "/conkas/rattle/ssa.py", line 172, in resolve
    rv = new_slot.resolve()
  [Previous line repeated 1 more time]
  File "/conkas/rattle/ssa.py", line 199, in resolve
    new_slot, _ = new_slot.resolve()  # Resolve it as far as you can
  File "/conkas/rattle/ssa.py", line 199, in resolve
    new_slot, _ = new_slot.resolve()  # Resolve it as far as you can
  File "/conkas/rattle/ssa.py", line 199, in resolve
    new_slot, _ = new_slot.resolve()  # Resolve it as far as you can
Analysing /data/0xC6E3359d13e877F73B99066Ff59bfbDf07104F12.hex...
  [Previous line repeated 1 more time]
  File "/conkas/rattle/ssa.py", line 172, in resolve
    rv = new_slot.resolve()
  File "/conkas/rattle/ssa.py", line 199, in resolve
    new_slot, _ = new_slot.resolve()  # Resolve it as far as you can
  File "/conkas/rattle/ssa.py", line 199, in resolve
    new_slot, _ = new_slot.resolve()  # Resolve it as far as you can
  File "/conkas/rattle/ssa.py", line 199, in resolve
    new_slot, _ = new_slot.resolve()  # Resolve it as far as you can
  [Previous line repeated 2 more times]
  File "/conkas/rattle/ssa.py", line 172, in resolve
    rv = new_slot.resolve()
  File "/conkas/rattle/ssa.py", line 199, in resolve
    new_slot, _ = new_slot.resolve()  # Resolve it as far as you can
  File "/conkas/rattle/ssa.py", line 199, in resolve
    new_slot, _ = new_slot.resolve()  # Resolve it as far as you can
  File "/conkas/rattle/ssa.py", line 199, in resolve
    new_slot, _ = new_slot.resolve()  # Resolve it as far as you can
  [Previous line repeated 1 more time]
  File "/conkas/rattle/ssa.py", line 172, in resolve
    rv = new_slot.resolve()
  File "/conkas/rattle/ssa.py", line 199, in resolve
    new_slot, _ = new_slot.resolve()  # Resolve it as far as you can
  File "/conkas/rattle/ssa.py", line 172, in resolve
    rv = new_slot.resolve()
  File "/conkas/rattle/ssa.py", line 172, in resolve
    rv = new_slot.resolve()
  File "/conkas/rattle/ssa.py", line 172, in resolve
    rv = new_slot.resolve()
  [Previous line repeated 1 more time]
  File "/conkas/rattle/ssa.py", line 199, in resolve
    new_slot, _ = new_slot.resolve()  # Resolve it as far as you can
  File "/conkas/rattle/ssa.py", line 199, in resolve
    new_slot, _ = new_slot.resolve()  # Resolve it as far as you can
  File "/conkas/rattle/ssa.py", line 199, in resolve
    new_slot, _ = new_slot.resolve()  # Resolve it as far as you can
  [Previous line repeated 1 more time]
  File "/conkas/rattle/ssa.py", line 172, in resolve
    rv = new_slot.resolve()
  File "/conkas/rattle/ssa.py", line 199, in resolve
    new_slot, _ = new_slot.resolve()  # Resolve it as far as you can
  File "/conkas/rattle/ssa.py", line 172, in resolve
    rv = new_slot.resolve()
  File "/conkas/rattle/ssa.py", line 172, in resolve
    rv = new_slot.resolve()
  File "/conkas/rattle/ssa.py", line 172, in resolve
    rv = new_slot.resolve()
  [Previous line repeated 1 more time]
  File "/conkas/rattle/ssa.py", line 199, in resolve
    new_slot, _ = new_slot.resolve()  # Resolve it as far as you can
  File "/conkas/rattle/ssa.py", line 199, in resolve
    new_slot, _ = new_slot.resolve()  # Resolve it as far as you can
  File "/conkas/rattle/ssa.py", line 199, in resolve
    new_slot, _ = new_slot.resolve()  # Resolve it as far as you can
  [Previous line repeated 1 more time]
  File "/conkas/rattle/ssa.py", line 172, in resolve
    rv = new_slot.resolve()
  File "/conkas/rattle/ssa.py", line 199, in resolve
    new_slot, _ = new_slot.resolve()  # Resolve it as far as you can
  File "/conkas/rattle/ssa.py", line 172, in resolve
    rv = new_slot.resolve()
  File "/conkas/rattle/ssa.py", line 172, in resolve
    rv = new_slot.resolve()
  File "/conkas/rattle/ssa.py", line 172, in resolve
    rv = new_slot.resolve()
  [Previous line repeated 1 more time]
  File "/conkas/rattle/ssa.py", line 199, in resolve
    new_slot, _ = new_slot.resolve()  # Resolve it as far as you can
  File "/conkas/rattle/ssa.py", line 199, in resolve
    new_slot, _ = new_slot.resolve()  # Resolve it as far as you can
  File "/conkas/rattle/ssa.py", line 172, in resolve
    rv = new_slot.resolve()
  File "/conkas/rattle/ssa.py", line 172, in resolve
    rv = new_slot.resolve()
  File "/conkas/rattle/ssa.py", line 172, in resolve
    rv = new_slot.resolve()
  File "/conkas/rattle/ssa.py", line 199, in resolve
    new_slot, _ = new_slot.resolve()  # Resolve it as far as you can
  File "/conkas/rattle/ssa.py", line 199, in resolve
    new_slot, _ = new_slot.resolve()  # Resolve it as far as you can
  File "/conkas/rattle/ssa.py", line 199, in resolve
    new_slot, _ = new_slot.resolve()  # Resolve it as far as you can
  [Previous line repeated 1 more time]
  File "/conkas/rattle/ssa.py", line 172, in resolve
    rv = new_slot.resolve()
  File "/conkas/rattle/ssa.py", line 199, in resolve
    new_slot, _ = new_slot.resolve()  # Resolve it as far as you can
  File "/conkas/rattle/ssa.py", line 172, in resolve
    rv = new_slot.resolve()
  File "/conkas/rattle/ssa.py", line 172, in resolve
    rv = new_slot.resolve()
  File "/conkas/rattle/ssa.py", line 172, in resolve
    rv = new_slot.resolve()
  [Previous line repeated 1 more time]
  File "/conkas/rattle/ssa.py", line 199, in resolve
    new_slot, _ = new_slot.resolve()  # Resolve it as far as you can
  File "/conkas/rattle/ssa.py", line 199, in resolve
    new_slot, _ = new_slot.resolve()  # Resolve it as far as you can
  File "/conkas/rattle/ssa.py", line 199, in resolve
    new_slot, _ = new_slot.resolve()  # Resolve it as far as you can
  [Previous line repeated 1 more time]
  File "/conkas/rattle/ssa.py", line 172, in resolve
    rv = new_slot.resolve()
  File "/conkas/rattle/ssa.py", line 199, in resolve
    new_slot, _ = new_slot.resolve()  # Resolve it as far as you can
  File "/conkas/rattle/ssa.py", line 199, in resolve
    new_slot, _ = new_slot.resolve()  # Resolve it as far as you can
  File "/conkas/rattle/ssa.py", line 199, in resolve
    new_slot, _ = new_slot.resolve()  # Resolve it as far as you can
  [Previous line repeated 2 more times]
  File "/conkas/rattle/ssa.py", line 172, in resolve
    rv = new_slot.resolve()
  File "/conkas/rattle/ssa.py", line 199, in resolve
    new_slot, _ = new_slot.resolve()  # Resolve it as far as you can
  File "/conkas/rattle/ssa.py", line 199, in resolve
    new_slot, _ = new_slot.resolve()  # Resolve it as far as you can
  File "/conkas/rattle/ssa.py", line 199, in resolve
    new_slot, _ = new_slot.resolve()  # Resolve it as far as you can
  [Previous line repeated 1 more time]
  File "/conkas/rattle/ssa.py", line 172, in resolve
    rv = new_slot.resolve()
  File "/conkas/rattle/ssa.py", line 199, in resolve
    new_slot, _ = new_slot.resolve()  # Resolve it as far as you can
  File "/conkas/rattle/ssa.py", line 172, in resolve
    rv = new_slot.resolve()
  File "/conkas/rattle/ssa.py", line 172, in resolve
    rv = new_slot.resolve()
  File "/conkas/rattle/ssa.py", line 172, in resolve
    rv = new_slot.resolve()
  [Previous line repeated 1 more time]
  File "/conkas/rattle/ssa.py", line 199, in resolve
    new_slot, _ = new_slot.resolve()  # Resolve it as far as you can
  File "/conkas/rattle/ssa.py", line 199, in resolve
    new_slot, _ = new_slot.resolve()  # Resolve it as far as you can
  File "/conkas/rattle/ssa.py", line 199, in resolve
    new_slot, _ = new_slot.resolve()  # Resolve it as far as you can
  [Previous line repeated 1 more time]
  File "/conkas/rattle/ssa.py", line 172, in resolve
    rv = new_slot.resolve()
  File "/conkas/rattle/ssa.py", line 199, in resolve
    new_slot, _ = new_slot.resolve()  # Resolve it as far as you can
  File "/conkas/rattle/ssa.py", line 172, in resolve
    rv = new_slot.resolve()
  File "/conkas/rattle/ssa.py", line 172, in resolve
    rv = new_slot.resolve()
  File "/conkas/rattle/ssa.py", line 172, in resolve
    rv = new_slot.resolve()
  [Previous line repeated 1 more time]
  File "/conkas/rattle/ssa.py", line 199, in resolve
    new_slot, _ = new_slot.resolve()  # Resolve it as far as you can
  File "/conkas/rattle/ssa.py", line 199, in resolve
    new_slot, _ = new_slot.resolve()  # Resolve it as far as you can
  File "/conkas/rattle/ssa.py", line 199, in resolve
    new_slot, _ = new_slot.resolve()  # Resolve it as far as you can
  [Previous line repeated 1 more time]
  File "/conkas/rattle/ssa.py", line 172, in resolve
    rv = new_slot.resolve()
  File "/conkas/rattle/ssa.py", line 199, in resolve
    new_slot, _ = new_slot.resolve()  # Resolve it as far as you can
  File "/conkas/rattle/ssa.py", line 172, in resolve
    rv = new_slot.resolve()
  File "/conkas/rattle/ssa.py", line 172, in resolve
    rv = new_slot.resolve()
  File "/conkas/rattle/ssa.py", line 172, in resolve
    rv = new_slot.resolve()
  [Previous line repeated 1 more time]
  File "/conkas/rattle/ssa.py", line 199, in resolve
    new_slot, _ = new_slot.resolve()  # Resolve it as far as you can
  File "/conkas/rattle/ssa.py", line 199, in resolve
    new_slot, _ = new_slot.resolve()  # Resolve it as far as you can
  File "/conkas/rattle/ssa.py", line 172, in resolve
    rv = new_slot.resolve()
  File "/conkas/rattle/ssa.py", line 172, in resolve
    rv = new_slot.resolve()
  File "/conkas/rattle/ssa.py", line 172, in resolve
    rv = new_slot.resolve()
  File "/conkas/rattle/ssa.py", line 199, in resolve
    new_slot, _ = new_slot.resolve()  # Resolve it as far as you can
  File "/conkas/rattle/ssa.py", line 199, in resolve
    new_slot, _ = new_slot.resolve()  # Resolve it as far as you can
  File "/conkas/rattle/ssa.py", line 199, in resolve
    new_slot, _ = new_slot.resolve()  # Resolve it as far as you can
  [Previous line repeated 1 more time]
  File "/conkas/rattle/ssa.py", line 172, in resolve
    rv = new_slot.resolve()
  File "/conkas/rattle/ssa.py", line 199, in resolve
    new_slot, _ = new_slot.resolve()  # Resolve it as far as you can
  File "/conkas/rattle/ssa.py", line 172, in resolve
    rv = new_slot.resolve()
  File "/conkas/rattle/ssa.py", line 172, in resolve
    rv = new_slot.resolve()
  File "/conkas/rattle/ssa.py", line 172, in resolve
    rv = new_slot.resolve()
  [Previous line repeated 1 more time]
  File "/conkas/rattle/ssa.py", line 199, in resolve
    new_slot, _ = new_slot.resolve()  # Resolve it as far as you can
  File "/conkas/rattle/ssa.py", line 199, in resolve
    new_slot, _ = new_slot.resolve()  # Resolve it as far as you can
  File "/conkas/rattle/ssa.py", line 199, in resolve
    new_slot, _ = new_slot.resolve()  # Resolve it as far as you can
  [Previous line repeated 1 more time]
  File "/conkas/rattle/ssa.py", line 172, in resolve
    rv = new_slot.resolve()
  File "/conkas/rattle/ssa.py", line 199, in resolve
    new_slot, _ = new_slot.resolve()  # Resolve it as far as you can
  File "/conkas/rattle/ssa.py", line 199, in resolve
    new_slot, _ = new_slot.resolve()  # Resolve it as far as you can
  File "/conkas/rattle/ssa.py", line 199, in resolve
    new_slot, _ = new_slot.resolve()  # Resolve it as far as you can
  [Previous line repeated 2 more times]
  File "/conkas/rattle/ssa.py", line 172, in resolve
    rv = new_slot.resolve()
  File "/conkas/rattle/ssa.py", line 199, in resolve
    new_slot, _ = new_slot.resolve()  # Resolve it as far as you can
  File "/conkas/rattle/ssa.py", line 199, in resolve
    new_slot, _ = new_slot.resolve()  # Resolve it as far as you can
  File "/conkas/rattle/ssa.py", line 199, in resolve
    new_slot, _ = new_slot.resolve()  # Resolve it as far as you can
  [Previous line repeated 1 more time]
  File "/conkas/rattle/ssa.py", line 172, in resolve
    rv = new_slot.resolve()
  File "/conkas/rattle/ssa.py", line 199, in resolve
    new_slot, _ = new_slot.resolve()  # Resolve it as far as you can
  File "/conkas/rattle/ssa.py", line 172, in resolve
    rv = new_slot.resolve()
  File "/conkas/rattle/ssa.py", line 172, in resolve
    rv = new_slot.resolve()
  File "/conkas/rattle/ssa.py", line 172, in resolve
    rv = new_slot.resolve()
  [Previous line repeated 1 more time]
  File "/conkas/rattle/ssa.py", line 199, in resolve
    new_slot, _ = new_slot.resolve()  # Resolve it as far as you can
  File "/conkas/rattle/ssa.py", line 199, in resolve
    new_slot, _ = new_slot.resolve()  # Resolve it as far as you can
  File "/conkas/rattle/ssa.py", line 199, in resolve
    new_slot, _ = new_slot.resolve()  # Resolve it as far as you can
  [Previous line repeated 1 more time]
  File "/conkas/rattle/ssa.py", line 172, in resolve
    rv = new_slot.resolve()
  File "/conkas/rattle/ssa.py", line 199, in resolve
    new_slot, _ = new_slot.resolve()  # Resolve it as far as you can
  File "/conkas/rattle/ssa.py", line 172, in resolve
    rv = new_slot.resolve()
  File "/conkas/rattle/ssa.py", line 172, in resolve
    rv = new_slot.resolve()
  File "/conkas/rattle/ssa.py", line 172, in resolve
    rv = new_slot.resolve()
  [Previous line repeated 1 more time]
  File "/conkas/rattle/ssa.py", line 199, in resolve
    new_slot, _ = new_slot.resolve()  # Resolve it as far as you can
  File "/conkas/rattle/ssa.py", line 199, in resolve
    new_slot, _ = new_slot.resolve()  # Resolve it as far as you can
  File "/conkas/rattle/ssa.py", line 199, in resolve
    new_slot, _ = new_slot.resolve()  # Resolve it as far as you can
  [Previous line repeated 1 more time]
  File "/conkas/rattle/ssa.py", line 172, in resolve
    rv = new_slot.resolve()
  File "/conkas/rattle/ssa.py", line 199, in resolve
    new_slot, _ = new_slot.resolve()  # Resolve it as far as you can
  File "/conkas/rattle/ssa.py", line 172, in resolve
    rv = new_slot.resolve()
  File "/conkas/rattle/ssa.py", line 172, in resolve
    rv = new_slot.resolve()
  File "/conkas/rattle/ssa.py", line 172, in resolve
    rv = new_slot.resolve()
  [Previous line repeated 1 more time]
  File "/conkas/rattle/ssa.py", line 199, in resolve
    new_slot, _ = new_slot.resolve()  # Resolve it as far as you can
  File "/conkas/rattle/ssa.py", line 199, in resolve
    new_slot, _ = new_slot.resolve()  # Resolve it as far as you can
  File "/conkas/rattle/ssa.py", line 172, in resolve
    rv = new_slot.resolve()
  File "/conkas/rattle/ssa.py", line 172, in resolve
    rv = new_slot.resolve()
  File "/conkas/rattle/ssa.py", line 172, in resolve
    rv = new_slot.resolve()
  File "/conkas/rattle/ssa.py", line 199, in resolve
    new_slot, _ = new_slot.resolve()  # Resolve it as far as you can
  File "/conkas/rattle/ssa.py", line 199, in resolve
    new_slot, _ = new_slot.resolve()  # Resolve it as far as you can
  File "/conkas/rattle/ssa.py", line 199, in resolve
    new_slot, _ = new_slot.resolve()  # Resolve it as far as you can
  [Previous line repeated 1 more time]
  File "/conkas/rattle/ssa.py", line 172, in resolve
    rv = new_slot.resolve()
  File "/conkas/rattle/ssa.py", line 199, in resolve
    new_slot, _ = new_slot.resolve()  # Resolve it as far as you can
  File "/conkas/rattle/ssa.py", line 172, in resolve
    rv = new_slot.resolve()
  File "/conkas/rattle/ssa.py", line 172, in resolve
    rv = new_slot.resolve()
  File "/conkas/rattle/ssa.py", line 172, in resolve
    rv = new_slot.resolve()
  [Previous line repeated 1 more time]
  File "/conkas/rattle/ssa.py", line 199, in resolve
    new_slot, _ = new_slot.resolve()  # Resolve it as far as you can
  File "/conkas/rattle/ssa.py", line 199, in resolve
    new_slot, _ = new_slot.resolve()  # Resolve it as far as you can
  File "/conkas/rattle/ssa.py", line 199, in resolve
    new_slot, _ = new_slot.resolve()  # Resolve it as far as you can
  [Previous line repeated 1 more time]
  File "/conkas/rattle/ssa.py", line 172, in resolve
    rv = new_slot.resolve()
  File "/conkas/rattle/ssa.py", line 199, in resolve
    new_slot, _ = new_slot.resolve()  # Resolve it as far as you can
  File "/conkas/rattle/ssa.py", line 199, in resolve
    new_slot, _ = new_slot.resolve()  # Resolve it as far as you can
  File "/conkas/rattle/ssa.py", line 199, in resolve
    new_slot, _ = new_slot.resolve()  # Resolve it as far as you can
  [Previous line repeated 2 more times]
  File "/conkas/rattle/ssa.py", line 172, in resolve
    rv = new_slot.resolve()
  File "/conkas/rattle/ssa.py", line 199, in resolve
    new_slot, _ = new_slot.resolve()  # Resolve it as far as you can
  File "/conkas/rattle/ssa.py", line 199, in resolve
    new_slot, _ = new_slot.resolve()  # Resolve it as far as you can
  File "/conkas/rattle/ssa.py", line 199, in resolve
    new_slot, _ = new_slot.resolve()  # Resolve it as far as you can
  [Previous line repeated 1 more time]
  File "/conkas/rattle/ssa.py", line 172, in resolve
    rv = new_slot.resolve()
  File "/conkas/rattle/ssa.py", line 199, in resolve
    new_slot, _ = new_slot.resolve()  # Resolve it as far as you can
  File "/conkas/rattle/ssa.py", line 172, in resolve
    rv = new_slot.resolve()
  File "/conkas/rattle/ssa.py", line 172, in resolve
    rv = new_slot.resolve()
  File "/conkas/rattle/ssa.py", line 172, in resolve
    rv = new_slot.resolve()
  [Previous line repeated 1 more time]
  File "/conkas/rattle/ssa.py", line 199, in resolve
    new_slot, _ = new_slot.resolve()  # Resolve it as far as you can
  File "/conkas/rattle/ssa.py", line 199, in resolve
    new_slot, _ = new_slot.resolve()  # Resolve it as far as you can
  File "/conkas/rattle/ssa.py", line 199, in resolve
    new_slot, _ = new_slot.resolve()  # Resolve it as far as you can
  [Previous line repeated 1 more time]
  File "/conkas/rattle/ssa.py", line 172, in resolve
    rv = new_slot.resolve()
  File "/conkas/rattle/ssa.py", line 199, in resolve
    new_slot, _ = new_slot.resolve()  # Resolve it as far as you can
  File "/conkas/rattle/ssa.py", line 172, in resolve
    rv = new_slot.resolve()
  File "/conkas/rattle/ssa.py", line 172, in resolve
    rv = new_slot.resolve()
  File "/conkas/rattle/ssa.py", line 172, in resolve
    rv = new_slot.resolve()
  [Previous line repeated 1 more time]
  File "/conkas/rattle/ssa.py", line 199, in resolve
    new_slot, _ = new_slot.resolve()  # Resolve it as far as you can
  File "/conkas/rattle/ssa.py", line 199, in resolve
    new_slot, _ = new_slot.resolve()  # Resolve it as far as you can
  File "/conkas/rattle/ssa.py", line 199, in resolve
    new_slot, _ = new_slot.resolve()  # Resolve it as far as you can
  [Previous line repeated 1 more time]
  File "/conkas/rattle/ssa.py", line 172, in resolve
    rv = new_slot.resolve()
  File "/conkas/rattle/ssa.py", line 199, in resolve
    new_slot, _ = new_slot.resolve()  # Resolve it as far as you can
  File "/conkas/rattle/ssa.py", line 172, in resolve
    rv = new_slot.resolve()
  File "/conkas/rattle/ssa.py", line 172, in resolve
    rv = new_slot.resolve()
  File "/conkas/rattle/ssa.py", line 172, in resolve
    rv = new_slot.resolve()
  [Previous line repeated 1 more time]
  File "/conkas/rattle/ssa.py", line 199, in resolve
    new_slot, _ = new_slot.resolve()  # Resolve it as far as you can
  File "/conkas/rattle/ssa.py", line 199, in resolve
    new_slot, _ = new_slot.resolve()  # Resolve it as far as you can
  File "/conkas/rattle/ssa.py", line 172, in resolve
    rv = new_slot.resolve()
  File "/conkas/rattle/ssa.py", line 172, in resolve
    rv = new_slot.resolve()
  File "/conkas/rattle/ssa.py", line 172, in resolve
    rv = new_slot.resolve()
  File "/conkas/rattle/ssa.py", line 199, in resolve
    new_slot, _ = new_slot.resolve()  # Resolve it as far as you can
  File "/conkas/rattle/ssa.py", line 199, in resolve
    new_slot, _ = new_slot.resolve()  # Resolve it as far as you can
  File "/conkas/rattle/ssa.py", line 199, in resolve
    new_slot, _ = new_slot.resolve()  # Resolve it as far as you can
  [Previous line repeated 1 more time]
  File "/conkas/rattle/ssa.py", line 172, in resolve
    rv = new_slot.resolve()
  File "/conkas/rattle/ssa.py", line 199, in resolve
    new_slot, _ = new_slot.resolve()  # Resolve it as far as you can
  File "/conkas/rattle/ssa.py", line 172, in resolve
    rv = new_slot.resolve()
  File "/conkas/rattle/ssa.py", line 172, in resolve
    rv = new_slot.resolve()
  File "/conkas/rattle/ssa.py", line 172, in resolve
    rv = new_slot.resolve()
  [Previous line repeated 1 more time]
  File "/conkas/rattle/ssa.py", line 199, in resolve
    new_slot, _ = new_slot.resolve()  # Resolve it as far as you can
  File "/conkas/rattle/ssa.py", line 199, in resolve
    new_slot, _ = new_slot.resolve()  # Resolve it as far as you can
  File "/conkas/rattle/ssa.py", line 199, in resolve
    new_slot, _ = new_slot.resolve()  # Resolve it as far as you can
  [Previous line repeated 1 more time]
  File "/conkas/rattle/ssa.py", line 172, in resolve
    rv = new_slot.resolve()
  File "/conkas/rattle/ssa.py", line 199, in resolve
    new_slot, _ = new_slot.resolve()  # Resolve it as far as you can
  File "/conkas/rattle/ssa.py", line 199, in resolve
    new_slot, _ = new_slot.resolve()  # Resolve it as far as you can
  File "/conkas/rattle/ssa.py", line 199, in resolve
    new_slot, _ = new_slot.resolve()  # Resolve it as far as you can
  [Previous line repeated 2 more times]
  File "/conkas/rattle/ssa.py", line 172, in resolve
    rv = new_slot.resolve()
  File "/conkas/rattle/ssa.py", line 199, in resolve
    new_slot, _ = new_slot.resolve()  # Resolve it as far as you can
  File "/conkas/rattle/ssa.py", line 199, in resolve
    new_slot, _ = new_slot.resolve()  # Resolve it as far as you can
  File "/conkas/rattle/ssa.py", line 199, in resolve
    new_slot, _ = new_slot.resolve()  # Resolve it as far as you can
  [Previous line repeated 1 more time]
  File "/conkas/rattle/ssa.py", line 172, in resolve
    rv = new_slot.resolve()
  File "/conkas/rattle/ssa.py", line 199, in resolve
    new_slot, _ = new_slot.resolve()  # Resolve it as far as you can
  File "/conkas/rattle/ssa.py", line 172, in resolve
    rv = new_slot.resolve()
  File "/conkas/rattle/ssa.py", line 172, in resolve
    rv = new_slot.resolve()
  File "/conkas/rattle/ssa.py", line 172, in resolve
    rv = new_slot.resolve()
  [Previous line repeated 1 more time]
  File "/conkas/rattle/ssa.py", line 199, in resolve
    new_slot, _ = new_slot.resolve()  # Resolve it as far as you can
  File "/conkas/rattle/ssa.py", line 199, in resolve
    new_slot, _ = new_slot.resolve()  # Resolve it as far as you can
  File "/conkas/rattle/ssa.py", line 199, in resolve
    new_slot, _ = new_slot.resolve()  # Resolve it as far as you can
  [Previous line repeated 1 more time]
  File "/conkas/rattle/ssa.py", line 172, in resolve
    rv = new_slot.resolve()
  File "/conkas/rattle/ssa.py", line 199, in resolve
    new_slot, _ = new_slot.resolve()  # Resolve it as far as you can
  File "/conkas/rattle/ssa.py", line 172, in resolve
    rv = new_slot.resolve()
  File "/conkas/rattle/ssa.py", line 172, in resolve
    rv = new_slot.resolve()
  File "/conkas/rattle/ssa.py", line 172, in resolve
    rv = new_slot.resolve()
  [Previous line repeated 1 more time]
  File "/conkas/rattle/ssa.py", line 199, in resolve
    new_slot, _ = new_slot.resolve()  # Resolve it as far as you can
  File "/conkas/rattle/ssa.py", line 199, in resolve
    new_slot, _ = new_slot.resolve()  # Resolve it as far as you can
  File "/conkas/rattle/ssa.py", line 199, in resolve
    new_slot, _ = new_slot.resolve()  # Resolve it as far as you can
  [Previous line repeated 1 more time]
  File "/conkas/rattle/ssa.py", line 172, in resolve
    rv = new_slot.resolve()
  File "/conkas/rattle/ssa.py", line 199, in resolve
    new_slot, _ = new_slot.resolve()  # Resolve it as far as you can
  File "/conkas/rattle/ssa.py", line 172, in resolve
    rv = new_slot.resolve()
  File "/conkas/rattle/ssa.py", line 172, in resolve
    rv = new_slot.resolve()
  File "/conkas/rattle/ssa.py", line 172, in resolve
    rv = new_slot.resolve()
  [Previous line repeated 1 more time]
  File "/conkas/rattle/ssa.py", line 199, in resolve
    new_slot, _ = new_slot.resolve()  # Resolve it as far as you can
  File "/conkas/rattle/ssa.py", line 199, in resolve
    new_slot, _ = new_slot.resolve()  # Resolve it as far as you can
  File "/conkas/rattle/ssa.py", line 172, in resolve
    rv = new_slot.resolve()
  File "/conkas/rattle/ssa.py", line 172, in resolve
    rv = new_slot.resolve()
  File "/conkas/rattle/ssa.py", line 172, in resolve
    rv = new_slot.resolve()
  File "/conkas/rattle/ssa.py", line 199, in resolve
    new_slot, _ = new_slot.resolve()  # Resolve it as far as you can
  File "/conkas/rattle/ssa.py", line 199, in resolve
    new_slot, _ = new_slot.resolve()  # Resolve it as far as you can
  File "/conkas/rattle/ssa.py", line 199, in resolve
    new_slot, _ = new_slot.resolve()  # Resolve it as far as you can
  [Previous line repeated 1 more time]
  File "/conkas/rattle/ssa.py", line 172, in resolve
    rv = new_slot.resolve()
  File "/conkas/rattle/ssa.py", line 199, in resolve
    new_slot, _ = new_slot.resolve()  # Resolve it as far as you can
  File "/conkas/rattle/ssa.py", line 172, in resolve
    rv = new_slot.resolve()
  File "/conkas/rattle/ssa.py", line 172, in resolve
    rv = new_slot.resolve()
  File "/conkas/rattle/ssa.py", line 172, in resolve
    rv = new_slot.resolve()
  [Previous line repeated 1 more time]
  File "/conkas/rattle/ssa.py", line 199, in resolve
    new_slot, _ = new_slot.resolve()  # Resolve it as far as you can
  File "/conkas/rattle/ssa.py", line 199, in resolve
    new_slot, _ = new_slot.resolve()  # Resolve it as far as you can
  File "/conkas/rattle/ssa.py", line 199, in resolve
    new_slot, _ = new_slot.resolve()  # Resolve it as far as you can
  [Previous line repeated 1 more time]
  File "/conkas/rattle/ssa.py", line 172, in resolve
    rv = new_slot.resolve()
  File "/conkas/rattle/ssa.py", line 199, in resolve
    new_slot, _ = new_slot.resolve()  # Resolve it as far as you can
  File "/conkas/rattle/ssa.py", line 199, in resolve
    new_slot, _ = new_slot.resolve()  # Resolve it as far as you can
  File "/conkas/rattle/ssa.py", line 199, in resolve
    new_slot, _ = new_slot.resolve()  # Resolve it as far as you can
  [Previous line repeated 2 more times]
  File "/conkas/rattle/ssa.py", line 172, in resolve
    rv = new_slot.resolve()
  File "/conkas/rattle/ssa.py", line 199, in resolve
    new_slot, _ = new_slot.resolve()  # Resolve it as far as you can
  File "/conkas/rattle/ssa.py", line 199, in resolve
    new_slot, _ = new_slot.resolve()  # Resolve it as far as you can
  File "/conkas/rattle/ssa.py", line 199, in resolve
    new_slot, _ = new_slot.resolve()  # Resolve it as far as you can
  [Previous line repeated 1 more time]
  File "/conkas/rattle/ssa.py", line 172, in resolve
    rv = new_slot.resolve()
  File "/conkas/rattle/ssa.py", line 199, in resolve
    new_slot, _ = new_slot.resolve()  # Resolve it as far as you can
  File "/conkas/rattle/ssa.py", line 172, in resolve
    rv = new_slot.resolve()
  File "/conkas/rattle/ssa.py", line 172, in resolve
    rv = new_slot.resolve()
  File "/conkas/rattle/ssa.py", line 172, in resolve
    rv = new_slot.resolve()
  [Previous line repeated 1 more time]
  File "/conkas/rattle/ssa.py", line 199, in resolve
    new_slot, _ = new_slot.resolve()  # Resolve it as far as you can
  File "/conkas/rattle/ssa.py", line 199, in resolve
    new_slot, _ = new_slot.resolve()  # Resolve it as far as you can
  File "/conkas/rattle/ssa.py", line 199, in resolve
    new_slot, _ = new_slot.resolve()  # Resolve it as far as you can
  [Previous line repeated 1 more time]
  File "/conkas/rattle/ssa.py", line 172, in resolve
    rv = new_slot.resolve()
  File "/conkas/rattle/ssa.py", line 199, in resolve
    new_slot, _ = new_slot.resolve()  # Resolve it as far as you can
  File "/conkas/rattle/ssa.py", line 172, in resolve
    rv = new_slot.resolve()
  File "/conkas/rattle/ssa.py", line 172, in resolve
    rv = new_slot.resolve()
  File "/conkas/rattle/ssa.py", line 172, in resolve
    rv = new_slot.resolve()
  [Previous line repeated 1 more time]
  File "/conkas/rattle/ssa.py", line 199, in resolve
    new_slot, _ = new_slot.resolve()  # Resolve it as far as you can
  File "/conkas/rattle/ssa.py", line 199, in resolve
    new_slot, _ = new_slot.resolve()  # Resolve it as far as you can
  File "/conkas/rattle/ssa.py", line 199, in resolve
    new_slot, _ = new_slot.resolve()  # Resolve it as far as you can
  [Previous line repeated 1 more time]
  File "/conkas/rattle/ssa.py", line 172, in resolve
    rv = new_slot.resolve()
  File "/conkas/rattle/ssa.py", line 199, in resolve
    new_slot, _ = new_slot.resolve()  # Resolve it as far as you can
  File "/conkas/rattle/ssa.py", line 172, in resolve
    rv = new_slot.resolve()
  File "/conkas/rattle/ssa.py", line 172, in resolve
    rv = new_slot.resolve()
  File "/conkas/rattle/ssa.py", line 172, in resolve
    rv = new_slot.resolve()
  [Previous line repeated 1 more time]
  File "/conkas/rattle/ssa.py", line 199, in resolve
    new_slot, _ = new_slot.resolve()  # Resolve it as far as you can
  File "/conkas/rattle/ssa.py", line 199, in resolve
    new_slot, _ = new_slot.resolve()  # Resolve it as far as you can
  File "/conkas/rattle/ssa.py", line 172, in resolve
    rv = new_slot.resolve()
  File "/conkas/rattle/ssa.py", line 172, in resolve
    rv = new_slot.resolve()
  File "/conkas/rattle/ssa.py", line 172, in resolve
    rv = new_slot.resolve()
  File "/conkas/rattle/ssa.py", line 199, in resolve
    new_slot, _ = new_slot.resolve()  # Resolve it as far as you can
  File "/conkas/rattle/ssa.py", line 199, in resolve
    new_slot, _ = new_slot.resolve()  # Resolve it as far as you can
  File "/conkas/rattle/ssa.py", line 199, in resolve
    new_slot, _ = new_slot.resolve()  # Resolve it as far as you can
  [Previous line repeated 1 more time]
  File "/conkas/rattle/ssa.py", line 172, in resolve
    rv = new_slot.resolve()
  File "/conkas/rattle/ssa.py", line 199, in resolve
    new_slot, _ = new_slot.resolve()  # Resolve it as far as you can
  File "/conkas/rattle/ssa.py", line 172, in resolve
    rv = new_slot.resolve()
  File "/conkas/rattle/ssa.py", line 172, in resolve
    rv = new_slot.resolve()
  File "/conkas/rattle/ssa.py", line 172, in resolve
    rv = new_slot.resolve()
  [Previous line repeated 1 more time]
  File "/conkas/rattle/ssa.py", line 199, in resolve
    new_slot, _ = new_slot.resolve()  # Resolve it as far as you can
  File "/conkas/rattle/ssa.py", line 199, in resolve
    new_slot, _ = new_slot.resolve()  # Resolve it as far as you can
  File "/conkas/rattle/ssa.py", line 199, in resolve
    new_slot, _ = new_slot.resolve()  # Resolve it as far as you can
  [Previous line repeated 1 more time]
  File "/conkas/rattle/ssa.py", line 172, in resolve
    rv = new_slot.resolve()
  File "/conkas/rattle/ssa.py", line 199, in resolve
    new_slot, _ = new_slot.resolve()  # Resolve it as far as you can
  File "/conkas/rattle/ssa.py", line 199, in resolve
    new_slot, _ = new_slot.resolve()  # Resolve it as far as you can
  File "/conkas/rattle/ssa.py", line 199, in resolve
    new_slot, _ = new_slot.resolve()  # Resolve it as far as you can
  [Previous line repeated 2 more times]
  File "/conkas/rattle/ssa.py", line 172, in resolve
    rv = new_slot.resolve()
  File "/conkas/rattle/ssa.py", line 199, in resolve
    new_slot, _ = new_slot.resolve()  # Resolve it as far as you can
  File "/conkas/rattle/ssa.py", line 199, in resolve
    new_slot, _ = new_slot.resolve()  # Resolve it as far as you can
  File "/conkas/rattle/ssa.py", line 199, in resolve
    new_slot, _ = new_slot.resolve()  # Resolve it as far as you can
  [Previous line repeated 1 more time]
  File "/conkas/rattle/ssa.py", line 172, in resolve
    rv = new_slot.resolve()
  File "/conkas/rattle/ssa.py", line 199, in resolve
    new_slot, _ = new_slot.resolve()  # Resolve it as far as you can
  File "/conkas/rattle/ssa.py", line 172, in resolve
    rv = new_slot.resolve()
  File "/conkas/rattle/ssa.py", line 172, in resolve
    rv = new_slot.resolve()
  File "/conkas/rattle/ssa.py", line 172, in resolve
    rv = new_slot.resolve()
  [Previous line repeated 1 more time]
  File "/conkas/rattle/ssa.py", line 199, in resolve
    new_slot, _ = new_slot.resolve()  # Resolve it as far as you can
  File "/conkas/rattle/ssa.py", line 199, in resolve
    new_slot, _ = new_slot.resolve()  # Resolve it as far as you can
  File "/conkas/rattle/ssa.py", line 199, in resolve
    new_slot, _ = new_slot.resolve()  # Resolve it as far as you can
  [Previous line repeated 1 more time]
  File "/conkas/rattle/ssa.py", line 172, in resolve
    rv = new_slot.resolve()
  File "/conkas/rattle/ssa.py", line 199, in resolve
    new_slot, _ = new_slot.resolve()  # Resolve it as far as you can
  File "/conkas/rattle/ssa.py", line 172, in resolve
    rv = new_slot.resolve()
  File "/conkas/rattle/ssa.py", line 172, in resolve
    rv = new_slot.resolve()
  File "/conkas/rattle/ssa.py", line 172, in resolve
    rv = new_slot.resolve()
  [Previous line repeated 1 more time]
  File "/conkas/rattle/ssa.py", line 199, in resolve
    new_slot, _ = new_slot.resolve()  # Resolve it as far as you can
  File "/conkas/rattle/ssa.py", line 199, in resolve
    new_slot, _ = new_slot.resolve()  # Resolve it as far as you can
  File "/conkas/rattle/ssa.py", line 199, in resolve
    new_slot, _ = new_slot.resolve()  # Resolve it as far as you can
  [Previous line repeated 1 more time]
  File "/conkas/rattle/ssa.py", line 172, in resolve
    rv = new_slot.resolve()
  File "/conkas/rattle/ssa.py", line 199, in resolve
    new_slot, _ = new_slot.resolve()  # Resolve it as far as you can
  File "/conkas/rattle/ssa.py", line 172, in resolve
    rv = new_slot.resolve()
  File "/conkas/rattle/ssa.py", line 172, in resolve
    rv = new_slot.resolve()
  File "/conkas/rattle/ssa.py", line 172, in resolve
    rv = new_slot.resolve()
  [Previous line repeated 1 more time]
  File "/conkas/rattle/ssa.py", line 199, in resolve
    new_slot, _ = new_slot.resolve()  # Resolve it as far as you can
  File "/conkas/rattle/ssa.py", line 199, in resolve
    new_slot, _ = new_slot.resolve()  # Resolve it as far as you can
  File "/conkas/rattle/ssa.py", line 172, in resolve
    rv = new_slot.resolve()
  File "/conkas/rattle/ssa.py", line 172, in resolve
    rv = new_slot.resolve()
  File "/conkas/rattle/ssa.py", line 172, in resolve
    rv = new_slot.resolve()
  File "/conkas/rattle/ssa.py", line 199, in resolve
    new_slot, _ = new_slot.resolve()  # Resolve it as far as you can
  File "/conkas/rattle/ssa.py", line 199, in resolve
    new_slot, _ = new_slot.resolve()  # Resolve it as far as you can
  File "/conkas/rattle/ssa.py", line 199, in resolve
    new_slot, _ = new_slot.resolve()  # Resolve it as far as you can
  [Previous line repeated 1 more time]
  File "/conkas/rattle/ssa.py", line 172, in resolve
    rv = new_slot.resolve()
  File "/conkas/rattle/ssa.py", line 199, in resolve
    new_slot, _ = new_slot.resolve()  # Resolve it as far as you can
  File "/conkas/rattle/ssa.py", line 172, in resolve
    rv = new_slot.resolve()
  File "/conkas/rattle/ssa.py", line 172, in resolve
    rv = new_slot.resolve()
  File "/conkas/rattle/ssa.py", line 172, in resolve
    rv = new_slot.resolve()
  [Previous line repeated 1 more time]
  File "/conkas/rattle/ssa.py", line 199, in resolve
    new_slot, _ = new_slot.resolve()  # Resolve it as far as you can
  File "/conkas/rattle/ssa.py", line 199, in resolve
    new_slot, _ = new_slot.resolve()  # Resolve it as far as you can
  File "/conkas/rattle/ssa.py", line 199, in resolve
    new_slot, _ = new_slot.resolve()  # Resolve it as far as you can
  [Previous line repeated 1 more time]
  File "/conkas/rattle/ssa.py", line 172, in resolve
    rv = new_slot.resolve()
  File "/conkas/rattle/ssa.py", line 199, in resolve
    new_slot, _ = new_slot.resolve()  # Resolve it as far as you can
  File "/conkas/rattle/ssa.py", line 199, in resolve
    new_slot, _ = new_slot.resolve()  # Resolve it as far as you can
  File "/conkas/rattle/ssa.py", line 199, in resolve
    new_slot, _ = new_slot.resolve()  # Resolve it as far as you can
  [Previous line repeated 2 more times]
  File "/conkas/rattle/ssa.py", line 172, in resolve
    rv = new_slot.resolve()
  File "/conkas/rattle/ssa.py", line 199, in resolve
    new_slot, _ = new_slot.resolve()  # Resolve it as far as you can
  File "/conkas/rattle/ssa.py", line 199, in resolve
    new_slot, _ = new_slot.resolve()  # Resolve it as far as you can
  File "/conkas/rattle/ssa.py", line 199, in resolve
    new_slot, _ = new_slot.resolve()  # Resolve it as far as you can
  File "/conkas/rattle/ssa.py", line 172, in resolve
    rv = new_slot.resolve()
  File "/conkas/rattle/ssa.py", line 199, in resolve
    new_slot, _ = new_slot.resolve()  # Resolve it as far as you can
  File "/conkas/rattle/ssa.py", line 172, in resolve
    rv = new_slot.resolve()
  File "/conkas/rattle/ssa.py", line 172, in resolve
    rv = new_slot.resolve()
  File "/conkas/rattle/ssa.py", line 172, in resolve
    rv = new_slot.resolve()
  File "/conkas/rattle/ssa.py", line 199, in resolve
    new_slot, _ = new_slot.resolve()  # Resolve it as far as you can
  File "/conkas/rattle/ssa.py", line 172, in resolve
    rv = new_slot.resolve()
  File "/conkas/rattle/ssa.py", line 199, in resolve
    new_slot, _ = new_slot.resolve()  # Resolve it as far as you can
  File "/conkas/rattle/ssa.py", line 199, in resolve
    new_slot, _ = new_slot.resolve()  # Resolve it as far as you can
  File "/conkas/rattle/ssa.py", line 199, in resolve
    new_slot, _ = new_slot.resolve()  # Resolve it as far as you can
  [Previous line repeated 2 more times]
  File "/conkas/rattle/ssa.py", line 172, in resolve
    rv = new_slot.resolve()
  File "/conkas/rattle/ssa.py", line 199, in resolve
    new_slot, _ = new_slot.resolve()  # Resolve it as far as you can
  File "/conkas/rattle/ssa.py", line 199, in resolve
    new_slot, _ = new_slot.resolve()  # Resolve it as far as you can
  File "/conkas/rattle/ssa.py", line 199, in resolve
    new_slot, _ = new_slot.resolve()  # Resolve it as far as you can
  [Previous line repeated 1 more time]
  File "/conkas/rattle/ssa.py", line 172, in resolve
    rv = new_slot.resolve()
  File "/conkas/rattle/ssa.py", line 199, in resolve
    new_slot, _ = new_slot.resolve()  # Resolve it as far as you can
  File "/conkas/rattle/ssa.py", line 199, in resolve
    new_slot, _ = new_slot.resolve()  # Resolve it as far as you can
  File "/conkas/rattle/ssa.py", line 199, in resolve
    new_slot, _ = new_slot.resolve()  # Resolve it as far as you can
  [Previous line repeated 2 more times]
  File "/conkas/rattle/ssa.py", line 172, in resolve
    rv = new_slot.resolve()
  File "/conkas/rattle/ssa.py", line 199, in resolve
    new_slot, _ = new_slot.resolve()  # Resolve it as far as you can
  File "/conkas/rattle/ssa.py", line 199, in resolve
    new_slot, _ = new_slot.resolve()  # Resolve it as far as you can
  File "/conkas/rattle/ssa.py", line 199, in resolve
    new_slot, _ = new_slot.resolve()  # Resolve it as far as you can
  File "/conkas/rattle/ssa.py", line 172, in resolve
    rv = new_slot.resolve()
  File "/conkas/rattle/ssa.py", line 199, in resolve
    new_slot, _ = new_slot.resolve()  # Resolve it as far as you can
  File "/conkas/rattle/ssa.py", line 172, in resolve
    rv = new_slot.resolve()
  File "/conkas/rattle/ssa.py", line 172, in resolve
    rv = new_slot.resolve()
  File "/conkas/rattle/ssa.py", line 172, in resolve
    rv = new_slot.resolve()
  File "/conkas/rattle/ssa.py", line 199, in resolve
    new_slot, _ = new_slot.resolve()  # Resolve it as far as you can
  File "/conkas/rattle/ssa.py", line 172, in resolve
    rv = new_slot.resolve()
  File "/conkas/rattle/ssa.py", line 199, in resolve
    new_slot, _ = new_slot.resolve()  # Resolve it as far as you can
  File "/conkas/rattle/ssa.py", line 199, in resolve
    new_slot, _ = new_slot.resolve()  # Resolve it as far as you can
  File "/conkas/rattle/ssa.py", line 199, in resolve
    new_slot, _ = new_slot.resolve()  # Resolve it as far as you can
  [Previous line repeated 2 more times]
  File "/conkas/rattle/ssa.py", line 172, in resolve
    rv = new_slot.resolve()
  File "/conkas/rattle/ssa.py", line 172, in resolve
    rv = new_slot.resolve()
  File "/conkas/rattle/ssa.py", line 199, in resolve
    new_slot, _ = new_slot.resolve()  # Resolve it as far as you can
  File "/conkas/rattle/ssa.py", line 199, in resolve
    new_slot, _ = new_slot.resolve()  # Resolve it as far as you can
  File "/conkas/rattle/ssa.py", line 199, in resolve
    new_slot, _ = new_slot.resolve()  # Resolve it as far as you can
  File "/conkas/rattle/ssa.py", line 172, in resolve
    rv = new_slot.resolve()
  File "/conkas/rattle/ssa.py", line 199, in resolve
    new_slot, _ = new_slot.resolve()  # Resolve it as far as you can
  File "/conkas/rattle/ssa.py", line 172, in resolve
    rv = new_slot.resolve()
  File "/conkas/rattle/ssa.py", line 172, in resolve
    rv = new_slot.resolve()
  File "/conkas/rattle/ssa.py", line 172, in resolve
    rv = new_slot.resolve()
  File "/conkas/rattle/ssa.py", line 199, in resolve
    new_slot, _ = new_slot.resolve()  # Resolve it as far as you can
  File "/conkas/rattle/ssa.py", line 172, in resolve
    rv = new_slot.resolve()
  File "/conkas/rattle/ssa.py", line 199, in resolve
    new_slot, _ = new_slot.resolve()  # Resolve it as far as you can
  File "/conkas/rattle/ssa.py", line 199, in resolve
    new_slot, _ = new_slot.resolve()  # Resolve it as far as you can
  File "/conkas/rattle/ssa.py", line 199, in resolve
    new_slot, _ = new_slot.resolve()  # Resolve it as far as you can
  [Previous line repeated 2 more times]
  File "/conkas/rattle/ssa.py", line 172, in resolve
    rv = new_slot.resolve()
  File "/conkas/rattle/ssa.py", line 199, in resolve
    new_slot, _ = new_slot.resolve()  # Resolve it as far as you can
  File "/conkas/rattle/ssa.py", line 199, in resolve
    new_slot, _ = new_slot.resolve()  # Resolve it as far as you can
  File "/conkas/rattle/ssa.py", line 199, in resolve
    new_slot, _ = new_slot.resolve()  # Resolve it as far as you can
  File "/conkas/rattle/ssa.py", line 172, in resolve
    rv = new_slot.resolve()
  File "/conkas/rattle/ssa.py", line 199, in resolve
    new_slot, _ = new_slot.resolve()  # Resolve it as far as you can
  File "/conkas/rattle/ssa.py", line 172, in resolve
    rv = new_slot.resolve()
  File "/conkas/rattle/ssa.py", line 172, in resolve
    rv = new_slot.resolve()
  File "/conkas/rattle/ssa.py", line 172, in resolve
    rv = new_slot.resolve()
  File "/conkas/rattle/ssa.py", line 199, in resolve
    new_slot, _ = new_slot.resolve()  # Resolve it as far as you can
  File "/conkas/rattle/ssa.py", line 172, in resolve
    rv = new_slot.resolve()
  File "/conkas/rattle/ssa.py", line 199, in resolve
    new_slot, _ = new_slot.resolve()  # Resolve it as far as you can
  File "/conkas/rattle/ssa.py", line 199, in resolve
    new_slot, _ = new_slot.resolve()  # Resolve it as far as you can
  File "/conkas/rattle/ssa.py", line 199, in resolve
    new_slot, _ = new_slot.resolve()  # Resolve it as far as you can
  [Previous line repeated 2 more times]
  File "/conkas/rattle/ssa.py", line 172, in resolve
    rv = new_slot.resolve()
  File "/conkas/rattle/ssa.py", line 199, in resolve
    new_slot, _ = new_slot.resolve()  # Resolve it as far as you can
  File "/conkas/rattle/ssa.py", line 199, in resolve
    new_slot, _ = new_slot.resolve()  # Resolve it as far as you can
  File "/conkas/rattle/ssa.py", line 199, in resolve
    new_slot, _ = new_slot.resolve()  # Resolve it as far as you can
  File "/conkas/rattle/ssa.py", line 172, in resolve
    rv = new_slot.resolve()
  File "/conkas/rattle/ssa.py", line 199, in resolve
    new_slot, _ = new_slot.resolve()  # Resolve it as far as you can
  File "/conkas/rattle/ssa.py", line 172, in resolve
    rv = new_slot.resolve()
  File "/conkas/rattle/ssa.py", line 172, in resolve
    rv = new_slot.resolve()
  File "/conkas/rattle/ssa.py", line 172, in resolve
    rv = new_slot.resolve()
  File "/conkas/rattle/ssa.py", line 199, in resolve
    new_slot, _ = new_slot.resolve()  # Resolve it as far as you can
  File "/conkas/rattle/ssa.py", line 172, in resolve
    rv = new_slot.resolve()
  File "/conkas/rattle/ssa.py", line 199, in resolve
    new_slot, _ = new_slot.resolve()  # Resolve it as far as you can
  File "/conkas/rattle/ssa.py", line 199, in resolve
    new_slot, _ = new_slot.resolve()  # Resolve it as far as you can
  File "/conkas/rattle/ssa.py", line 199, in resolve
    new_slot, _ = new_slot.resolve()  # Resolve it as far as you can
  [Previous line repeated 2 more times]
  File "/conkas/rattle/ssa.py", line 172, in resolve
    rv = new_slot.resolve()
  File "/conkas/rattle/ssa.py", line 199, in resolve
    new_slot, _ = new_slot.resolve()  # Resolve it as far as you can
  File "/conkas/rattle/ssa.py", line 199, in resolve
    new_slot, _ = new_slot.resolve()  # Resolve it as far as you can
  File "/conkas/rattle/ssa.py", line 199, in resolve
    new_slot, _ = new_slot.resolve()  # Resolve it as far as you can
  File "/conkas/rattle/ssa.py", line 172, in resolve
    rv = new_slot.resolve()
  File "/conkas/rattle/ssa.py", line 199, in resolve
    new_slot, _ = new_slot.resolve()  # Resolve it as far as you can
  File "/conkas/rattle/ssa.py", line 172, in resolve
    rv = new_slot.resolve()
  File "/conkas/rattle/ssa.py", line 172, in resolve
    rv = new_slot.resolve()
  File "/conkas/rattle/ssa.py", line 172, in resolve
    rv = new_slot.resolve()
  File "/conkas/rattle/ssa.py", line 199, in resolve
    new_slot, _ = new_slot.resolve()  # Resolve it as far as you can
  File "/conkas/rattle/ssa.py", line 172, in resolve
    rv = new_slot.resolve()
  File "/conkas/rattle/ssa.py", line 199, in resolve
    new_slot, _ = new_slot.resolve()  # Resolve it as far as you can
  File "/conkas/rattle/ssa.py", line 199, in resolve
    new_slot, _ = new_slot.resolve()  # Resolve it as far as you can
  File "/conkas/rattle/ssa.py", line 199, in resolve
    new_slot, _ = new_slot.resolve()  # Resolve it as far as you can
  [Previous line repeated 2 more times]
  File "/conkas/rattle/ssa.py", line 172, in resolve
    rv = new_slot.resolve()
  File "/conkas/rattle/ssa.py", line 199, in resolve
    new_slot, _ = new_slot.resolve()  # Resolve it as far as you can
  File "/conkas/rattle/ssa.py", line 199, in resolve
    new_slot, _ = new_slot.resolve()  # Resolve it as far as you can
  File "/conkas/rattle/ssa.py", line 199, in resolve
    new_slot, _ = new_slot.resolve()  # Resolve it as far as you can
  File "/conkas/rattle/ssa.py", line 172, in resolve
    rv = new_slot.resolve()
  File "/conkas/rattle/ssa.py", line 199, in resolve
    new_slot, _ = new_slot.resolve()  # Resolve it as far as you can
  File "/conkas/rattle/ssa.py", line 172, in resolve
    rv = new_slot.resolve()
  File "/conkas/rattle/ssa.py", line 172, in resolve
    rv = new_slot.resolve()
  File "/conkas/rattle/ssa.py", line 172, in resolve
    rv = new_slot.resolve()
  File "/conkas/rattle/ssa.py", line 199, in resolve
    new_slot, _ = new_slot.resolve()  # Resolve it as far as you can
  File "/conkas/rattle/ssa.py", line 172, in resolve
    rv = new_slot.resolve()
  File "/conkas/rattle/ssa.py", line 199, in resolve
    new_slot, _ = new_slot.resolve()  # Resolve it as far as you can
  File "/conkas/rattle/ssa.py", line 199, in resolve
    new_slot, _ = new_slot.resolve()  # Resolve it as far as you can
  File "/conkas/rattle/ssa.py", line 199, in resolve
    new_slot, _ = new_slot.resolve()  # Resolve it as far as you can
  [Previous line repeated 2 more times]
  File "/conkas/rattle/ssa.py", line 172, in resolve
    rv = new_slot.resolve()
  File "/conkas/rattle/ssa.py", line 199, in resolve
    new_slot, _ = new_slot.resolve()  # Resolve it as far as you can
  File "/conkas/rattle/ssa.py", line 199, in resolve
    new_slot, _ = new_slot.resolve()  # Resolve it as far as you can
  File "/conkas/rattle/ssa.py", line 199, in resolve
    new_slot, _ = new_slot.resolve()  # Resolve it as far as you can
  File "/conkas/rattle/ssa.py", line 172, in resolve
    rv = new_slot.resolve()
  File "/conkas/rattle/ssa.py", line 199, in resolve
    new_slot, _ = new_slot.resolve()  # Resolve it as far as you can
  File "/conkas/rattle/ssa.py", line 172, in resolve
    rv = new_slot.resolve()
  File "/conkas/rattle/ssa.py", line 172, in resolve
    rv = new_slot.resolve()
  File "/conkas/rattle/ssa.py", line 172, in resolve
    rv = new_slot.resolve()
  File "/conkas/rattle/ssa.py", line 199, in resolve
    new_slot, _ = new_slot.resolve()  # Resolve it as far as you can
  File "/conkas/rattle/ssa.py", line 172, in resolve
    rv = new_slot.resolve()
  File "/conkas/rattle/ssa.py", line 199, in resolve
    new_slot, _ = new_slot.resolve()  # Resolve it as far as you can
  File "/conkas/rattle/ssa.py", line 199, in resolve
    new_slot, _ = new_slot.resolve()  # Resolve it as far as you can
  File "/conkas/rattle/ssa.py", line 199, in resolve
    new_slot, _ = new_slot.resolve()  # Resolve it as far as you can
  [Previous line repeated 2 more times]
  File "/conkas/rattle/ssa.py", line 172, in resolve
    rv = new_slot.resolve()
  File "/conkas/rattle/ssa.py", line 199, in resolve
    new_slot, _ = new_slot.resolve()  # Resolve it as far as you can
  File "/conkas/rattle/ssa.py", line 199, in resolve
    new_slot, _ = new_slot.resolve()  # Resolve it as far as you can
  File "/conkas/rattle/ssa.py", line 199, in resolve
    new_slot, _ = new_slot.resolve()  # Resolve it as far as you can
  File "/conkas/rattle/ssa.py", line 172, in resolve
    rv = new_slot.resolve()
  File "/conkas/rattle/ssa.py", line 199, in resolve
    new_slot, _ = new_slot.resolve()  # Resolve it as far as you can
  File "/conkas/rattle/ssa.py", line 172, in resolve
    rv = new_slot.resolve()
  File "/conkas/rattle/ssa.py", line 172, in resolve
    rv = new_slot.resolve()
  File "/conkas/rattle/ssa.py", line 172, in resolve
    rv = new_slot.resolve()
  File "/conkas/rattle/ssa.py", line 199, in resolve
    new_slot, _ = new_slot.resolve()  # Resolve it as far as you can
  File "/conkas/rattle/ssa.py", line 172, in resolve
    rv = new_slot.resolve()
  File "/conkas/rattle/ssa.py", line 199, in resolve
    new_slot, _ = new_slot.resolve()  # Resolve it as far as you can
  File "/conkas/rattle/ssa.py", line 199, in resolve
    new_slot, _ = new_slot.resolve()  # Resolve it as far as you can
  File "/conkas/rattle/ssa.py", line 199, in resolve
    new_slot, _ = new_slot.resolve()  # Resolve it as far as you can
  [Previous line repeated 2 more times]
  File "/conkas/rattle/ssa.py", line 172, in resolve
    rv = new_slot.resolve()
  File "/conkas/rattle/ssa.py", line 199, in resolve
    new_slot, _ = new_slot.resolve()  # Resolve it as far as you can
  File "/conkas/rattle/ssa.py", line 199, in resolve
    new_slot, _ = new_slot.resolve()  # Resolve it as far as you can
  File "/conkas/rattle/ssa.py", line 199, in resolve
    new_slot, _ = new_slot.resolve()  # Resolve it as far as you can
  File "/conkas/rattle/ssa.py", line 172, in resolve
    rv = new_slot.resolve()
  File "/conkas/rattle/ssa.py", line 199, in resolve
    new_slot, _ = new_slot.resolve()  # Resolve it as far as you can
  File "/conkas/rattle/ssa.py", line 172, in resolve
    rv = new_slot.resolve()
  File "/conkas/rattle/ssa.py", line 172, in resolve
    rv = new_slot.resolve()
  File "/conkas/rattle/ssa.py", line 172, in resolve
    rv = new_slot.resolve()
  File "/conkas/rattle/ssa.py", line 199, in resolve
    new_slot, _ = new_slot.resolve()  # Resolve it as far as you can
  File "/conkas/rattle/ssa.py", line 172, in resolve
    rv = new_slot.resolve()
  File "/conkas/rattle/ssa.py", line 199, in resolve
    new_slot, _ = new_slot.resolve()  # Resolve it as far as you can
  File "/conkas/rattle/ssa.py", line 199, in resolve
    new_slot, _ = new_slot.resolve()  # Resolve it as far as you can
  File "/conkas/rattle/ssa.py", line 199, in resolve
    new_slot, _ = new_slot.resolve()  # Resolve it as far as you can
  [Previous line repeated 2 more times]
  File "/conkas/rattle/ssa.py", line 172, in resolve
    rv = new_slot.resolve()
  File "/conkas/rattle/ssa.py", line 199, in resolve
    new_slot, _ = new_slot.resolve()  # Resolve it as far as you can
  File "/conkas/rattle/ssa.py", line 199, in resolve
    new_slot, _ = new_slot.resolve()  # Resolve it as far as you can
  File "/conkas/rattle/ssa.py", line 199, in resolve
    new_slot, _ = new_slot.resolve()  # Resolve it as far as you can
  File "/conkas/rattle/ssa.py", line 172, in resolve
    rv = new_slot.resolve()
  File "/conkas/rattle/ssa.py", line 199, in resolve
    new_slot, _ = new_slot.resolve()  # Resolve it as far as you can
  File "/conkas/rattle/ssa.py", line 172, in resolve
    rv = new_slot.resolve()
  File "/conkas/rattle/ssa.py", line 172, in resolve
    rv = new_slot.resolve()
  File "/conkas/rattle/ssa.py", line 172, in resolve
    rv = new_slot.resolve()
  File "/conkas/rattle/ssa.py", line 199, in resolve
    new_slot, _ = new_slot.resolve()  # Resolve it as far as you can
  File "/conkas/rattle/ssa.py", line 172, in resolve
    rv = new_slot.resolve()
  File "/conkas/rattle/ssa.py", line 199, in resolve
    new_slot, _ = new_slot.resolve()  # Resolve it as far as you can
  File "/conkas/rattle/ssa.py", line 199, in resolve
    new_slot, _ = new_slot.resolve()  # Resolve it as far as you can
  File "/conkas/rattle/ssa.py", line 199, in resolve
    new_slot, _ = new_slot.resolve()  # Resolve it as far as you can
  [Previous line repeated 2 more times]
  File "/conkas/rattle/ssa.py", line 172, in resolve
    rv = new_slot.resolve()
  File "/conkas/rattle/ssa.py", line 199, in resolve
    new_slot, _ = new_slot.resolve()  # Resolve it as far as you can
  File "/conkas/rattle/ssa.py", line 199, in resolve
    new_slot, _ = new_slot.resolve()  # Resolve it as far as you can
  File "/conkas/rattle/ssa.py", line 199, in resolve
    new_slot, _ = new_slot.resolve()  # Resolve it as far as you can
  File "/conkas/rattle/ssa.py", line 172, in resolve
    rv = new_slot.resolve()
  File "/conkas/rattle/ssa.py", line 199, in resolve
    new_slot, _ = new_slot.resolve()  # Resolve it as far as you can
  File "/conkas/rattle/ssa.py", line 172, in resolve
    rv = new_slot.resolve()
  File "/conkas/rattle/ssa.py", line 172, in resolve
    rv = new_slot.resolve()
  File "/conkas/rattle/ssa.py", line 172, in resolve
    rv = new_slot.resolve()
  File "/conkas/rattle/ssa.py", line 199, in resolve
    new_slot, _ = new_slot.resolve()  # Resolve it as far as you can
  File "/conkas/rattle/ssa.py", line 172, in resolve
    rv = new_slot.resolve()
  File "/conkas/rattle/ssa.py", line 199, in resolve
    new_slot, _ = new_slot.resolve()  # Resolve it as far as you can
  File "/conkas/rattle/ssa.py", line 199, in resolve
    new_slot, _ = new_slot.resolve()  # Resolve it as far as you can
  File "/conkas/rattle/ssa.py", line 199, in resolve
    new_slot, _ = new_slot.resolve()  # Resolve it as far as you can
  [Previous line repeated 2 more times]
  File "/conkas/rattle/ssa.py", line 172, in resolve
    rv = new_slot.resolve()
  File "/conkas/rattle/ssa.py", line 199, in resolve
    new_slot, _ = new_slot.resolve()  # Resolve it as far as you can
  File "/conkas/rattle/ssa.py", line 199, in resolve
    new_slot, _ = new_slot.resolve()  # Resolve it as far as you can
  File "/conkas/rattle/ssa.py", line 199, in resolve
    new_slot, _ = new_slot.resolve()  # Resolve it as far as you can
  File "/conkas/rattle/ssa.py", line 172, in resolve
    rv = new_slot.resolve()
  File "/conkas/rattle/ssa.py", line 199, in resolve
    new_slot, _ = new_slot.resolve()  # Resolve it as far as you can
  File "/conkas/rattle/ssa.py", line 172, in resolve
    rv = new_slot.resolve()
  File "/conkas/rattle/ssa.py", line 172, in resolve
    rv = new_slot.resolve()
  File "/conkas/rattle/ssa.py", line 172, in resolve
    rv = new_slot.resolve()
  File "/conkas/rattle/ssa.py", line 199, in resolve
    new_slot, _ = new_slot.resolve()  # Resolve it as far as you can
  File "/conkas/rattle/ssa.py", line 172, in resolve
    rv = new_slot.resolve()
  File "/conkas/rattle/ssa.py", line 199, in resolve
    new_slot, _ = new_slot.resolve()  # Resolve it as far as you can
  File "/conkas/rattle/ssa.py", line 199, in resolve
    new_slot, _ = new_slot.resolve()  # Resolve it as far as you can
  File "/conkas/rattle/ssa.py", line 199, in resolve
    new_slot, _ = new_slot.resolve()  # Resolve it as far as you can
  [Previous line repeated 2 more times]
  File "/conkas/rattle/ssa.py", line 172, in resolve
    rv = new_slot.resolve()
  File "/conkas/rattle/ssa.py", line 199, in resolve
    new_slot, _ = new_slot.resolve()  # Resolve it as far as you can
  File "/conkas/rattle/ssa.py", line 199, in resolve
    new_slot, _ = new_slot.resolve()  # Resolve it as far as you can
  File "/conkas/rattle/ssa.py", line 199, in resolve
    new_slot, _ = new_slot.resolve()  # Resolve it as far as you can
  File "/conkas/rattle/ssa.py", line 172, in resolve
    rv = new_slot.resolve()
  File "/conkas/rattle/ssa.py", line 199, in resolve
    new_slot, _ = new_slot.resolve()  # Resolve it as far as you can
  File "/conkas/rattle/ssa.py", line 172, in resolve
    rv = new_slot.resolve()
  File "/conkas/rattle/ssa.py", line 172, in resolve
    rv = new_slot.resolve()
  File "/conkas/rattle/ssa.py", line 172, in resolve
    rv = new_slot.resolve()
  File "/conkas/rattle/ssa.py", line 199, in resolve
    new_slot, _ = new_slot.resolve()  # Resolve it as far as you can
  File "/conkas/rattle/ssa.py", line 172, in resolve
    rv = new_slot.resolve()
  File "/conkas/rattle/ssa.py", line 199, in resolve
    new_slot, _ = new_slot.resolve()  # Resolve it as far as you can
  File "/conkas/rattle/ssa.py", line 199, in resolve
    new_slot, _ = new_slot.resolve()  # Resolve it as far as you can
  File "/conkas/rattle/ssa.py", line 199, in resolve
    new_slot, _ = new_slot.resolve()  # Resolve it as far as you can
  [Previous line repeated 2 more times]
  File "/conkas/rattle/ssa.py", line 172, in resolve
    rv = new_slot.resolve()
  File "/conkas/rattle/ssa.py", line 199, in resolve
    new_slot, _ = new_slot.resolve()  # Resolve it as far as you can
  File "/conkas/rattle/ssa.py", line 199, in resolve
    new_slot, _ = new_slot.resolve()  # Resolve it as far as you can
  File "/conkas/rattle/ssa.py", line 199, in resolve
    new_slot, _ = new_slot.resolve()  # Resolve it as far as you can
  File "/conkas/rattle/ssa.py", line 172, in resolve
    rv = new_slot.resolve()
  File "/conkas/rattle/ssa.py", line 199, in resolve
    new_slot, _ = new_slot.resolve()  # Resolve it as far as you can
  File "/conkas/rattle/ssa.py", line 172, in resolve
    rv = new_slot.resolve()
  File "/conkas/rattle/ssa.py", line 172, in resolve
    rv = new_slot.resolve()
  File "/conkas/rattle/ssa.py", line 172, in resolve
    rv = new_slot.resolve()
  File "/conkas/rattle/ssa.py", line 199, in resolve
    new_slot, _ = new_slot.resolve()  # Resolve it as far as you can
  File "/conkas/rattle/ssa.py", line 172, in resolve
    rv = new_slot.resolve()
  File "/conkas/rattle/ssa.py", line 199, in resolve
    new_slot, _ = new_slot.resolve()  # Resolve it as far as you can
  File "/conkas/rattle/ssa.py", line 199, in resolve
    new_slot, _ = new_slot.resolve()  # Resolve it as far as you can
  File "/conkas/rattle/ssa.py", line 199, in resolve
    new_slot, _ = new_slot.resolve()  # Resolve it as far as you can
  [Previous line repeated 2 more times]
  File "/conkas/rattle/ssa.py", line 172, in resolve
    rv = new_slot.resolve()
  File "/conkas/rattle/ssa.py", line 199, in resolve
    new_slot, _ = new_slot.resolve()  # Resolve it as far as you can
  File "/conkas/rattle/ssa.py", line 199, in resolve
    new_slot, _ = new_slot.resolve()  # Resolve it as far as you can
  File "/conkas/rattle/ssa.py", line 199, in resolve
    new_slot, _ = new_slot.resolve()  # Resolve it as far as you can
  File "/conkas/rattle/ssa.py", line 172, in resolve
    rv = new_slot.resolve()
  File "/conkas/rattle/ssa.py", line 199, in resolve
    new_slot, _ = new_slot.resolve()  # Resolve it as far as you can
  File "/conkas/rattle/ssa.py", line 172, in resolve
    rv = new_slot.resolve()
  File "/conkas/rattle/ssa.py", line 172, in resolve
    rv = new_slot.resolve()
  File "/conkas/rattle/ssa.py", line 172, in resolve
    rv = new_slot.resolve()
  File "/conkas/rattle/ssa.py", line 199, in resolve
    new_slot, _ = new_slot.resolve()  # Resolve it as far as you can
  File "/conkas/rattle/ssa.py", line 172, in resolve
    rv = new_slot.resolve()
  File "/conkas/rattle/ssa.py", line 199, in resolve
    new_slot, _ = new_slot.resolve()  # Resolve it as far as you can
  File "/conkas/rattle/ssa.py", line 199, in resolve
    new_slot, _ = new_slot.resolve()  # Resolve it as far as you can
  File "/conkas/rattle/ssa.py", line 199, in resolve
    new_slot, _ = new_slot.resolve()  # Resolve it as far as you can
  [Previous line repeated 2 more times]
  File "/conkas/rattle/ssa.py", line 172, in resolve
    rv = new_slot.resolve()
  File "/conkas/rattle/ssa.py", line 199, in resolve
    new_slot, _ = new_slot.resolve()  # Resolve it as far as you can
  File "/conkas/rattle/ssa.py", line 199, in resolve
    new_slot, _ = new_slot.resolve()  # Resolve it as far as you can
  File "/conkas/rattle/ssa.py", line 199, in resolve
    new_slot, _ = new_slot.resolve()  # Resolve it as far as you can
  File "/conkas/rattle/ssa.py", line 172, in resolve
    rv = new_slot.resolve()
  File "/conkas/rattle/ssa.py", line 199, in resolve
    new_slot, _ = new_slot.resolve()  # Resolve it as far as you can
  File "/conkas/rattle/ssa.py", line 172, in resolve
    rv = new_slot.resolve()
  File "/conkas/rattle/ssa.py", line 172, in resolve
    rv = new_slot.resolve()
  File "/conkas/rattle/ssa.py", line 172, in resolve
    rv = new_slot.resolve()
  File "/conkas/rattle/ssa.py", line 199, in resolve
    new_slot, _ = new_slot.resolve()  # Resolve it as far as you can
  File "/conkas/rattle/ssa.py", line 172, in resolve
    rv = new_slot.resolve()
  File "/conkas/rattle/ssa.py", line 199, in resolve
    new_slot, _ = new_slot.resolve()  # Resolve it as far as you can
  File "/conkas/rattle/ssa.py", line 199, in resolve
    new_slot, _ = new_slot.resolve()  # Resolve it as far as you can
  File "/conkas/rattle/ssa.py", line 199, in resolve
    new_slot, _ = new_slot.resolve()  # Resolve it as far as you can
  [Previous line repeated 2 more times]
  File "/conkas/rattle/ssa.py", line 172, in resolve
    rv = new_slot.resolve()
  File "/conkas/rattle/ssa.py", line 199, in resolve
    new_slot, _ = new_slot.resolve()  # Resolve it as far as you can
  File "/conkas/rattle/ssa.py", line 199, in resolve
    new_slot, _ = new_slot.resolve()  # Resolve it as far as you can
  File "/conkas/rattle/ssa.py", line 199, in resolve
    new_slot, _ = new_slot.resolve()  # Resolve it as far as you can
  [Previous line repeated 1 more time]
  File "/conkas/rattle/ssa.py", line 172, in resolve
    rv = new_slot.resolve()
  File "/conkas/rattle/ssa.py", line 199, in resolve
    new_slot, _ = new_slot.resolve()  # Resolve it as far as you can
  File "/conkas/rattle/ssa.py", line 199, in resolve
    new_slot, _ = new_slot.resolve()  # Resolve it as far as you can
  File "/conkas/rattle/ssa.py", line 199, in resolve
    new_slot, _ = new_slot.resolve()  # Resolve it as far as you can
  [Previous line repeated 2 more times]
  File "/conkas/rattle/ssa.py", line 172, in resolve
    rv = new_slot.resolve()
  File "/conkas/rattle/ssa.py", line 199, in resolve
    new_slot, _ = new_slot.resolve()  # Resolve it as far as you can
  File "/conkas/rattle/ssa.py", line 199, in resolve
    new_slot, _ = new_slot.resolve()  # Resolve it as far as you can
  File "/conkas/rattle/ssa.py", line 199, in resolve
    new_slot, _ = new_slot.resolve()  # Resolve it as far as you can
  [Previous line repeated 1 more time]
  File "/conkas/rattle/ssa.py", line 172, in resolve
    rv = new_slot.resolve()
  File "/conkas/rattle/ssa.py", line 199, in resolve
    new_slot, _ = new_slot.resolve()  # Resolve it as far as you can
  File "/conkas/rattle/ssa.py", line 172, in resolve
    rv = new_slot.resolve()
  File "/conkas/rattle/ssa.py", line 172, in resolve
    rv = new_slot.resolve()
  File "/conkas/rattle/ssa.py", line 172, in resolve
    rv = new_slot.resolve()
  [Previous line repeated 1 more time]
  File "/conkas/rattle/ssa.py", line 199, in resolve
    new_slot, _ = new_slot.resolve()  # Resolve it as far as you can
  File "/conkas/rattle/ssa.py", line 199, in resolve
    new_slot, _ = new_slot.resolve()  # Resolve it as far as you can
  File "/conkas/rattle/ssa.py", line 199, in resolve
    new_slot, _ = new_slot.resolve()  # Resolve it as far as you can
  [Previous line repeated 1 more time]
  File "/conkas/rattle/ssa.py", line 172, in resolve
    rv = new_slot.resolve()
  File "/conkas/rattle/ssa.py", line 199, in resolve
    new_slot, _ = new_slot.resolve()  # Resolve it as far as you can
  File "/conkas/rattle/ssa.py", line 199, in resolve
    new_slot, _ = new_slot.resolve()  # Resolve it as far as you can
  File "/conkas/rattle/ssa.py", line 199, in resolve
    new_slot, _ = new_slot.resolve()  # Resolve it as far as you can
  [Previous line repeated 2 more times]
  File "/conkas/rattle/ssa.py", line 172, in resolve
    rv = new_slot.resolve()
  File "/conkas/rattle/ssa.py", line 199, in resolve
    new_slot, _ = new_slot.resolve()  # Resolve it as far as you can
  File "/conkas/rattle/ssa.py", line 199, in resolve
    new_slot, _ = new_slot.resolve()  # Resolve it as far as you can
  File "/conkas/rattle/ssa.py", line 199, in resolve
    new_slot, _ = new_slot.resolve()  # Resolve it as far as you can
  [Previous line repeated 1 more time]
  File "/conkas/rattle/ssa.py", line 172, in resolve
    rv = new_slot.resolve()
  File "/conkas/rattle/ssa.py", line 199, in resolve
    new_slot, _ = new_slot.resolve()  # Resolve it as far as you can
  File "/conkas/rattle/ssa.py", line 199, in resolve
    new_slot, _ = new_slot.resolve()  # Resolve it as far as you can
  File "/conkas/rattle/ssa.py", line 199, in resolve
    new_slot, _ = new_slot.resolve()  # Resolve it as far as you can
  [Previous line repeated 2 more times]
  File "/conkas/rattle/ssa.py", line 172, in resolve
    rv = new_slot.resolve()
  File "/conkas/rattle/ssa.py", line 199, in resolve
    new_slot, _ = new_slot.resolve()  # Resolve it as far as you can
  File "/conkas/rattle/ssa.py", line 199, in resolve
    new_slot, _ = new_slot.resolve()  # Resolve it as far as you can
  File "/conkas/rattle/ssa.py", line 199, in resolve
    new_slot, _ = new_slot.resolve()  # Resolve it as far as you can
  [Previous line repeated 1 more time]
  File "/conkas/rattle/ssa.py", line 172, in resolve
    rv = new_slot.resolve()
  File "/conkas/rattle/ssa.py", line 199, in resolve
    new_slot, _ = new_slot.resolve()  # Resolve it as far as you can
  File "/conkas/rattle/ssa.py", line 199, in resolve
    new_slot, _ = new_slot.resolve()  # Resolve it as far as you can
  File "/conkas/rattle/ssa.py", line 199, in resolve
    new_slot, _ = new_slot.resolve()  # Resolve it as far as you can
  File "/conkas/rattle/ssa.py", line 172, in resolve
    rv = new_slot.resolve()
  File "/conkas/rattle/ssa.py", line 199, in resolve
    new_slot, _ = new_slot.resolve()  # Resolve it as far as you can
  File "/conkas/rattle/ssa.py", line 199, in resolve
    new_slot, _ = new_slot.resolve()  # Resolve it as far as you can
  File "/conkas/rattle/ssa.py", line 199, in resolve
    new_slot, _ = new_slot.resolve()  # Resolve it as far as you can
  File "/conkas/rattle/ssa.py", line 172, in resolve
    rv = new_slot.resolve()
  File "/conkas/rattle/ssa.py", line 199, in resolve
    new_slot, _ = new_slot.resolve()  # Resolve it as far as you can
  File "/conkas/rattle/ssa.py", line 199, in resolve
    new_slot, _ = new_slot.resolve()  # Resolve it as far as you can
  File "/conkas/rattle/ssa.py", line 199, in resolve
    new_slot, _ = new_slot.resolve()  # Resolve it as far as you can
  File "/conkas/rattle/ssa.py", line 172, in resolve
    rv = new_slot.resolve()
  File "/conkas/rattle/ssa.py", line 199, in resolve
    new_slot, _ = new_slot.resolve()  # Resolve it as far as you can
  File "/conkas/rattle/ssa.py", line 172, in resolve
    rv = new_slot.resolve()
  File "/conkas/rattle/ssa.py", line 172, in resolve
    rv = new_slot.resolve()
  File "/conkas/rattle/ssa.py", line 199, in resolve
    new_slot, _ = new_slot.resolve()  # Resolve it as far as you can
  File "/conkas/rattle/ssa.py", line 199, in resolve
    new_slot, _ = new_slot.resolve()  # Resolve it as far as you can
  File "/conkas/rattle/ssa.py", line 199, in resolve
    new_slot, _ = new_slot.resolve()  # Resolve it as far as you can
  File "/conkas/rattle/ssa.py", line 172, in resolve
    rv = new_slot.resolve()
  File "/conkas/rattle/ssa.py", line 172, in resolve
    rv = new_slot.resolve()
  File "/conkas/rattle/ssa.py", line 172, in resolve
    rv = new_slot.resolve()
  [Previous line repeated 2 more times]
  File "/conkas/rattle/ssa.py", line 199, in resolve
    new_slot, _ = new_slot.resolve()  # Resolve it as far as you can
  File "/conkas/rattle/ssa.py", line 199, in resolve
    new_slot, _ = new_slot.resolve()  # Resolve it as far as you can
  File "/conkas/rattle/ssa.py", line 172, in resolve
    rv = new_slot.resolve()
  File "/conkas/rattle/ssa.py", line 199, in resolve
    new_slot, _ = new_slot.resolve()  # Resolve it as far as you can
  File "/conkas/rattle/ssa.py", line 172, in resolve
    rv = new_slot.resolve()
  File "/conkas/rattle/ssa.py", line 199, in resolve
    new_slot, _ = new_slot.resolve()  # Resolve it as far as you can
  File "/conkas/rattle/ssa.py", line 199, in resolve
    new_slot, _ = new_slot.resolve()  # Resolve it as far as you can
  File "/conkas/rattle/ssa.py", line 172, in resolve
    rv = new_slot.resolve()
  File "/conkas/rattle/ssa.py", line 199, in resolve
    new_slot, _ = new_slot.resolve()  # Resolve it as far as you can
  File "/conkas/rattle/ssa.py", line 172, in resolve
    rv = new_slot.resolve()
  File "/conkas/rattle/ssa.py", line 199, in resolve
    new_slot, _ = new_slot.resolve()  # Resolve it as far as you can
  File "/conkas/rattle/ssa.py", line 199, in resolve
    new_slot, _ = new_slot.resolve()  # Resolve it as far as you can
  File "/conkas/rattle/ssa.py", line 172, in resolve
    rv = new_slot.resolve()
  File "/conkas/rattle/ssa.py", line 199, in resolve
    new_slot, _ = new_slot.resolve()  # Resolve it as far as you can
  File "/conkas/rattle/ssa.py", line 172, in resolve
    rv = new_slot.resolve()
  File "/conkas/rattle/ssa.py", line 199, in resolve
    new_slot, _ = new_slot.resolve()  # Resolve it as far as you can
  File "/conkas/rattle/ssa.py", line 199, in resolve
    new_slot, _ = new_slot.resolve()  # Resolve it as far as you can
  File "/conkas/rattle/ssa.py", line 172, in resolve
    rv = new_slot.resolve()
  File "/conkas/rattle/ssa.py", line 199, in resolve
    new_slot, _ = new_slot.resolve()  # Resolve it as far as you can
  File "/conkas/rattle/ssa.py", line 172, in resolve
    rv = new_slot.resolve()
  File "/conkas/rattle/ssa.py", line 199, in resolve
    new_slot, _ = new_slot.resolve()  # Resolve it as far as you can
  File "/conkas/rattle/ssa.py", line 199, in resolve
    new_slot, _ = new_slot.resolve()  # Resolve it as far as you can
  File "/conkas/rattle/ssa.py", line 172, in resolve
    rv = new_slot.resolve()
  File "/conkas/rattle/ssa.py", line 199, in resolve
    new_slot, _ = new_slot.resolve()  # Resolve it as far as you can
  File "/conkas/rattle/ssa.py", line 172, in resolve
    rv = new_slot.resolve()
  File "/conkas/rattle/ssa.py", line 199, in resolve
    new_slot, _ = new_slot.resolve()  # Resolve it as far as you can
  File "/conkas/rattle/ssa.py", line 199, in resolve
    new_slot, _ = new_slot.resolve()  # Resolve it as far as you can
  File "/conkas/rattle/ssa.py", line 172, in resolve
    rv = new_slot.resolve()
  File "/conkas/rattle/ssa.py", line 199, in resolve
    new_slot, _ = new_slot.resolve()  # Resolve it as far as you can
  File "/conkas/rattle/ssa.py", line 172, in resolve
    rv = new_slot.resolve()
  File "/conkas/rattle/ssa.py", line 199, in resolve
    new_slot, _ = new_slot.resolve()  # Resolve it as far as you can
  File "/conkas/rattle/ssa.py", line 199, in resolve
    new_slot, _ = new_slot.resolve()  # Resolve it as far as you can
  File "/conkas/rattle/ssa.py", line 172, in resolve
    rv = new_slot.resolve()
  File "/conkas/rattle/ssa.py", line 199, in resolve
    new_slot, _ = new_slot.resolve()  # Resolve it as far as you can
  File "/conkas/rattle/ssa.py", line 172, in resolve
    rv = new_slot.resolve()
  File "/conkas/rattle/ssa.py", line 199, in resolve
    new_slot, _ = new_slot.resolve()  # Resolve it as far as you can
  File "/conkas/rattle/ssa.py", line 199, in resolve
    new_slot, _ = new_slot.resolve()  # Resolve it as far as you can
  File "/conkas/rattle/ssa.py", line 172, in resolve
    rv = new_slot.resolve()
  File "/conkas/rattle/ssa.py", line 199, in resolve
    new_slot, _ = new_slot.resolve()  # Resolve it as far as you can
  File "/conkas/rattle/ssa.py", line 172, in resolve
    rv = new_slot.resolve()
  File "/conkas/rattle/ssa.py", line 199, in resolve
    new_slot, _ = new_slot.resolve()  # Resolve it as far as you can
  File "/conkas/rattle/ssa.py", line 199, in resolve
    new_slot, _ = new_slot.resolve()  # Resolve it as far as you can
  File "/conkas/rattle/ssa.py", line 172, in resolve
    rv = new_slot.resolve()
  File "/conkas/rattle/ssa.py", line 199, in resolve
    new_slot, _ = new_slot.resolve()  # Resolve it as far as you can
  File "/conkas/rattle/ssa.py", line 172, in resolve
    rv = new_slot.resolve()
  File "/conkas/rattle/ssa.py", line 199, in resolve
    new_slot, _ = new_slot.resolve()  # Resolve it as far as you can
  File "/conkas/rattle/ssa.py", line 199, in resolve
    new_slot, _ = new_slot.resolve()  # Resolve it as far as you can
  File "/conkas/rattle/ssa.py", line 172, in resolve
    rv = new_slot.resolve()
  File "/conkas/rattle/ssa.py", line 199, in resolve
    new_slot, _ = new_slot.resolve()  # Resolve it as far as you can
  File "/conkas/rattle/ssa.py", line 172, in resolve
    rv = new_slot.resolve()
  File "/conkas/rattle/ssa.py", line 199, in resolve
    new_slot, _ = new_slot.resolve()  # Resolve it as far as you can
  File "/conkas/rattle/ssa.py", line 199, in resolve
    new_slot, _ = new_slot.resolve()  # Resolve it as far as you can
  File "/conkas/rattle/ssa.py", line 172, in resolve
    rv = new_slot.resolve()
  File "/conkas/rattle/ssa.py", line 199, in resolve
    new_slot, _ = new_slot.resolve()  # Resolve it as far as you can
  File "/conkas/rattle/ssa.py", line 172, in resolve
    rv = new_slot.resolve()
  File "/conkas/rattle/ssa.py", line 199, in resolve
    new_slot, _ = new_slot.resolve()  # Resolve it as far as you can
  File "/conkas/rattle/ssa.py", line 172, in resolve
    rv = new_slot.resolve()
  File "/conkas/rattle/ssa.py", line 172, in resolve
    rv = new_slot.resolve()
  File "/conkas/rattle/ssa.py", line 199, in resolve
    new_slot, _ = new_slot.resolve()  # Resolve it as far as you can
  File "/conkas/rattle/ssa.py", line 199, in resolve
    new_slot, _ = new_slot.resolve()  # Resolve it as far as you can
  File "/conkas/rattle/ssa.py", line 199, in resolve
    new_slot, _ = new_slot.resolve()  # Resolve it as far as you can
  File "/conkas/rattle/ssa.py", line 172, in resolve
    rv = new_slot.resolve()
  File "/conkas/rattle/ssa.py", line 199, in resolve
    new_slot, _ = new_slot.resolve()  # Resolve it as far as you can
  File "/conkas/rattle/ssa.py", line 199, in resolve
    new_slot, _ = new_slot.resolve()  # Resolve it as far as you can
  File "/conkas/rattle/ssa.py", line 199, in resolve
    new_slot, _ = new_slot.resolve()  # Resolve it as far as you can
  [Previous line repeated 4 more times]
  File "/conkas/rattle/ssa.py", line 172, in resolve
    rv = new_slot.resolve()
  File "/conkas/rattle/ssa.py", line 199, in resolve
    new_slot, _ = new_slot.resolve()  # Resolve it as far as you can
  File "/conkas/rattle/ssa.py", line 199, in resolve
    new_slot, _ = new_slot.resolve()  # Resolve it as far as you can
  File "/conkas/rattle/ssa.py", line 199, in resolve
    new_slot, _ = new_slot.resolve()  # Resolve it as far as you can
  [Previous line repeated 4 more times]
  File "/conkas/rattle/ssa.py", line 172, in resolve
    rv = new_slot.resolve()
  File "/conkas/rattle/ssa.py", line 199, in resolve
    new_slot, _ = new_slot.resolve()  # Resolve it as far as you can
  File "/conkas/rattle/ssa.py", line 199, in resolve
    new_slot, _ = new_slot.resolve()  # Resolve it as far as you can
  File "/conkas/rattle/ssa.py", line 199, in resolve
    new_slot, _ = new_slot.resolve()  # Resolve it as far as you can
  [Previous line repeated 2 more times]
  File "/conkas/rattle/ssa.py", line 172, in resolve
    rv = new_slot.resolve()
  File "/conkas/rattle/ssa.py", line 199, in resolve
    new_slot, _ = new_slot.resolve()  # Resolve it as far as you can
  File "/conkas/rattle/ssa.py", line 199, in resolve
    new_slot, _ = new_slot.resolve()  # Resolve it as far as you can
  File "/conkas/rattle/ssa.py", line 199, in resolve
    new_slot, _ = new_slot.resolve()  # Resolve it as far as you can
  File "/conkas/rattle/ssa.py", line 172, in resolve
    rv = new_slot.resolve()
  File "/conkas/rattle/ssa.py", line 199, in resolve
    new_slot, _ = new_slot.resolve()  # Resolve it as far as you can
  File "/conkas/rattle/ssa.py", line 172, in resolve
    rv = new_slot.resolve()
  File "/conkas/rattle/ssa.py", line 172, in resolve
    rv = new_slot.resolve()
  File "/conkas/rattle/ssa.py", line 172, in resolve
    rv = new_slot.resolve()
  File "/conkas/rattle/ssa.py", line 199, in resolve
    new_slot, _ = new_slot.resolve()  # Resolve it as far as you can
  File "/conkas/rattle/ssa.py", line 172, in resolve
    rv = new_slot.resolve()
  File "/conkas/rattle/ssa.py", line 199, in resolve
    new_slot, _ = new_slot.resolve()  # Resolve it as far as you can
  File "/conkas/rattle/ssa.py", line 199, in resolve
    new_slot, _ = new_slot.resolve()  # Resolve it as far as you can
  File "/conkas/rattle/ssa.py", line 199, in resolve
    new_slot, _ = new_slot.resolve()  # Resolve it as far as you can
  [Previous line repeated 2 more times]
  File "/conkas/rattle/ssa.py", line 172, in resolve
    rv = new_slot.resolve()
  File "/conkas/rattle/ssa.py", line 172, in resolve
    rv = new_slot.resolve()
  File "/conkas/rattle/ssa.py", line 199, in resolve
    new_slot, _ = new_slot.resolve()  # Resolve it as far as you can
  File "/conkas/rattle/ssa.py", line 199, in resolve
    new_slot, _ = new_slot.resolve()  # Resolve it as far as you can
  File "/conkas/rattle/ssa.py", line 172, in resolve
    rv = new_slot.resolve()
  File "/conkas/rattle/ssa.py", line 199, in resolve
    new_slot, _ = new_slot.resolve()  # Resolve it as far as you can
  File "/conkas/rattle/ssa.py", line 172, in resolve
    rv = new_slot.resolve()
  File "/conkas/rattle/ssa.py", line 199, in resolve
    new_slot, _ = new_slot.resolve()  # Resolve it as far as you can
  File "/conkas/rattle/ssa.py", line 199, in resolve
    new_slot, _ = new_slot.resolve()  # Resolve it as far as you can
  File "/conkas/rattle/ssa.py", line 172, in resolve
    rv = new_slot.resolve()
  File "/conkas/rattle/ssa.py", line 199, in resolve
    new_slot, _ = new_slot.resolve()  # Resolve it as far as you can
  File "/conkas/rattle/ssa.py", line 172, in resolve
    rv = new_slot.resolve()
  File "/conkas/rattle/ssa.py", line 199, in resolve
    new_slot, _ = new_slot.resolve()  # Resolve it as far as you can
  File "/conkas/rattle/ssa.py", line 199, in resolve
    new_slot, _ = new_slot.resolve()  # Resolve it as far as you can
  File "/conkas/rattle/ssa.py", line 172, in resolve
    rv = new_slot.resolve()
  File "/conkas/rattle/ssa.py", line 199, in resolve
    new_slot, _ = new_slot.resolve()  # Resolve it as far as you can
  File "/conkas/rattle/ssa.py", line 172, in resolve
    rv = new_slot.resolve()
  File "/conkas/rattle/ssa.py", line 199, in resolve
    new_slot, _ = new_slot.resolve()  # Resolve it as far as you can
  File "/conkas/rattle/ssa.py", line 199, in resolve
    new_slot, _ = new_slot.resolve()  # Resolve it as far as you can
  File "/conkas/rattle/ssa.py", line 199, in resolve
    new_slot, _ = new_slot.resolve()  # Resolve it as far as you can
  [Previous line repeated 2 more times]
  File "/conkas/rattle/ssa.py", line 172, in resolve
    rv = new_slot.resolve()
  File "/conkas/rattle/ssa.py", line 172, in resolve
    rv = new_slot.resolve()
  File "/conkas/rattle/ssa.py", line 199, in resolve
    new_slot, _ = new_slot.resolve()  # Resolve it as far as you can
  File "/conkas/rattle/ssa.py", line 199, in resolve
    new_slot, _ = new_slot.resolve()  # Resolve it as far as you can
  File "/conkas/rattle/ssa.py", line 172, in resolve
    rv = new_slot.resolve()
  File "/conkas/rattle/ssa.py", line 199, in resolve
    new_slot, _ = new_slot.resolve()  # Resolve it as far as you can
  File "/conkas/rattle/ssa.py", line 172, in resolve
    rv = new_slot.resolve()
  File "/conkas/rattle/ssa.py", line 199, in resolve
    new_slot, _ = new_slot.resolve()  # Resolve it as far as you can
  File "/conkas/rattle/ssa.py", line 199, in resolve
    new_slot, _ = new_slot.resolve()  # Resolve it as far as you can
  File "/conkas/rattle/ssa.py", line 205, in resolve
    new_slot = PlaceholderStackValue(self.sp + len(edge_stack), list(self.block.in_edges)[0])
  File "/conkas/rattle/ssa.py", line 129, in __init__
    super().__init__(-1)
  File "/conkas/rattle/ssa.py", line 50, in __init__
    self._readers = set()
RecursionError: maximum recursion depth exceeded while calling a Python object