+++ dirname /vandal/bin/analyze.sh
++ cd /vandal/bin
++ pwd
+ DIR=/vandal/bin
+ rm -rf facts-tmp
+ /vandal/bin/decompile -o CALL JUMPI SSTORE SLOAD MLOAD MSTORE -d -n -t facts-tmp /data/0xF74Ad17c43bc654B6e63DC05F282767A348E347E.hex
+ souffle -F facts-tmp /vandal/datalog/demo_analyses.dl
Warning: Deprecated type declaration used in file types.dl at line 30
.type Statement
^---------------
Warning: Deprecated type declaration used in file types.dl at line 31
.type Variable
^--------------
Warning: Deprecated type declaration used in file types.dl at line 32
.type Opcode
^------------
Warning: Deprecated type declaration used in file types.dl at line 33
.type Value
^-----------
+ rm -rf facts-tmp
4	reentrantCall.csv
4	uncheckedCall.csv