+++ dirname /vandal/bin/analyze.sh
++ cd /vandal/bin
++ pwd
+ DIR=/vandal/bin
+ rm -rf facts-tmp
+ /vandal/bin/decompile -o CALL JUMPI SSTORE SLOAD MLOAD MSTORE -d -n -t facts-tmp /data/0x424c5aaEBCe4a0c60AE74D9897db51A9397A51D0.hex
+ souffle -F facts-tmp /vandal/datalog/demo_analyses.dl
Warning: Deprecated type declaration used in file types.dl at line 30
.type Statement
^---------------
Warning: Deprecated type declaration used in file types.dl at line 31
.type Variable
^--------------
Warning: Deprecated type declaration used in file types.dl at line 32
.type Opcode
^------------
Warning: Deprecated type declaration used in file types.dl at line 33
.type Value
^-----------
+ rm -rf facts-tmp